#
# There is insufficient memory for the Java Runtime Environment to continue.
# Native memory allocation (mmap) failed to map 268435456 bytes for G1 virtual space
# Possible reasons:
#   The system is out of physical RAM or swap space
#   The process is running with CompressedOops enabled, and the Java Heap may be blocking the growth of the native heap
# Possible solutions:
#   Reduce memory load on the system
#   Increase physical memory or swap space
#   Check if swap backing store is full
#   Decrease Java heap size (-Xmx/-Xms)
#   Decrease number of Java threads
#   Decrease Java thread stack sizes (-Xss)
#   Set larger code cache with -XX:ReservedCodeCacheSize=
#   JVM is running with Zero Based Compressed Oops mode in which the Java heap is
#     placed in the first 32GB address space. The Java Heap base address is the
#     maximum limit for the native heap growth. Please use -XX:HeapBaseMinAddress
#     to set the Java Heap base and to place the Java Heap above 32GB virtual address.
# This output file may be truncated or incomplete.
#
#  Out of Memory Error (os_windows.cpp:3603), pid=16700, tid=15756
#
# JRE version:  (21.0.8+12) (build )
# Java VM: Java HotSpot(TM) 64-Bit Server VM (21.0.8+12-LTS-250, mixed mode, sharing, tiered, compressed oops, compressed class ptrs, g1 gc, windows-amd64)
# No core dump will be written. Minidumps are not enabled by default on client versions of Windows
#

---------------  S U M M A R Y ------------

Command Line: --enable-native-access=ALL-UNNAMED 

Host: AMD EPYC 7763 64-Core Processor                , 4 cores, 15G,  Windows 11 , 64 bit Build 26100 (10.0.26100.4768)
Time: Fri Sep 12 07:14:36 2025 Coordinated Universal Time elapsed time: 0.585634 seconds (0d 0h 0m 0s)

---------------  T H R E A D  ---------------

Current thread (0x000001759f1a4f80):  JavaThread "Unknown thread" [_thread_in_vm, id=15756, stack(0x00000011b7c00000,0x00000011b7d00000) (1024K)]

Stack: [0x00000011b7c00000,0x00000011b7d00000]
Native frames: (J=compiled Java code, j=interpreted, Vv=VM code, C=native code)
V  [jvm.dll+0x6cc179]
V  [jvm.dll+0x8584c1]
V  [jvm.dll+0x85a9ee]
V  [jvm.dll+0x85b0c3]
V  [jvm.dll+0x27ebf6]
V  [jvm.dll+0x6c88f5]
V  [jvm.dll+0x6bd45a]
V  [jvm.dll+0x354b1a]
V  [jvm.dll+0x35c796]
V  [jvm.dll+0x3af85e]
V  [jvm.dll+0x3afb08]
V  [jvm.dll+0x328e2c]
V  [jvm.dll+0x32998b]
V  [jvm.dll+0x821879]
V  [jvm.dll+0x3bc541]
V  [jvm.dll+0x80aaf8]
V  [jvm.dll+0x45172e]
V  [jvm.dll+0x453321]
C  [jli.dll+0x52a3]
C  [ucrtbase.dll+0x37b0]
C  [KERNEL32.DLL+0x2e8d7]
C  [ntdll.dll+0x3c34c]


---------------  P R O C E S S  ---------------

Threads class SMR info:
_java_thread_list=0x00007ff81996fc48, length=0, elements={
}

Java Threads: ( => current thread )
Total: 0

Other Threads:
  0x00000175a14cb520 WorkerThread "GC Thread#0"                     [id=5804, stack(0x00000011b7d00000,0x00000011b7e00000) (1024K)]
  0x00000175a14dc440 ConcurrentGCThread "G1 Main Marker"            [id=11136, stack(0x00000011b7e00000,0x00000011b7f00000) (1024K)]
  0x00000175a14dddc0 WorkerThread "G1 Conc#0"                       [id=25776, stack(0x00000011b7f00000,0x00000011b8000000) (1024K)]

[error occurred during error reporting (printing all threads), id 0xc0000005, EXCEPTION_ACCESS_VIOLATION (0xc0000005) at pc=0x00007ff8190db5b7]
VM state: not at safepoint (not fully initialized)

VM Mutex/Monitor currently owned by a thread:  ([mutex/lock_event])
[0x00007ff8199e0f50] Heap_lock - owner thread: 0x000001759f1a4f80

Heap address: 0x0000000700c00000, size: 4084 MB, Compressed Oops mode: Zero based, Oop shift amount: 3

CDS archive(s) mapped at: [0x0000000000000000-0x0000000000000000-0x0000000000000000), size 0, SharedBaseAddress: 0x0000000800000000, ArchiveRelocationMode: 1.
Narrow klass base: 0x0000000000000000, Narrow klass shift: 0, Narrow klass range: 0x0

GC Precious Log:
 CardTable entry size: 512
 Card Set container configuration: InlinePtr #cards 4 size 8 Array Of Cards #cards 16 size 48 Howl #buckets 8 coarsen threshold 3686 Howl Bitmap #cards 512 size 80 coarsen threshold 460 Card regions per heap region 1 cards per card region 4096

Heap:
 garbage-first heap   total 0K, used 0K [0x0000000700c00000, 0x0000000800000000)
  region size 2048K, 0 young (0K), 0 survivors (0K)

[error occurred during error reporting (printing heap information), id 0xc0000005, EXCEPTION_ACCESS_VIOLATION (0xc0000005) at pc=0x00007ff8194c51e9]
GC Heap History (0 events):
No events

Dll operation events (1 events):
Event: 0.033 Loaded shared library C:\Users\Kavitha\Downloads\jdk-21_windows-x64_bin\jdk-21.0.8\bin\java.dll

Deoptimization events (0 events):
No events

Classes loaded (0 events):
No events

Classes unloaded (0 events):
No events

Classes redefined (0 events):
No events

Internal exceptions (0 events):
No events

ZGC Phase Switch (0 events):
No events

VM Operations (0 events):
No events

Events (0 events):
No events


Dynamic libraries:
0x00007ff6956b0000 - 0x00007ff6956c0000 	C:\Users\Kavitha\Downloads\jdk-21_windows-x64_bin\jdk-21.0.8\bin\java.exe
0x00007ff8651a0000 - 0x00007ff865407000 	C:\Windows\SYSTEM32\ntdll.dll
0x00007ff863060000 - 0x00007ff863129000 	C:\Windows\System32\KERNEL32.DLL
0x00007ff8622d0000 - 0x00007ff8626c0000 	C:\Windows\System32\KERNELBASE.dll
0x00007ff862ba0000 - 0x00007ff862ceb000 	C:\Windows\System32\ucrtbase.dll
0x00007ff835770000 - 0x00007ff835789000 	C:\Users\Kavitha\Downloads\jdk-21_windows-x64_bin\jdk-21.0.8\bin\jli.dll
0x00007ff80f610000 - 0x00007ff80f62b000 	C:\Users\Kavitha\Downloads\jdk-21_windows-x64_bin\jdk-21.0.8\bin\VCRUNTIME140.dll
0x00007ff862fa0000 - 0x00007ff863054000 	C:\Windows\System32\ADVAPI32.dll
0x00007ff8636a0000 - 0x00007ff863749000 	C:\Windows\System32\msvcrt.dll
0x00007ff864740000 - 0x00007ff8647e6000 	C:\Windows\System32\sechost.dll
0x00007ff863350000 - 0x00007ff863468000 	C:\Windows\System32\RPCRT4.dll
0x00007ff864000000 - 0x00007ff8641c5000 	C:\Windows\System32\USER32.dll
0x00007ff862e40000 - 0x00007ff862e67000 	C:\Windows\System32\win32u.dll
0x00007ff862f30000 - 0x00007ff862f5b000 	C:\Windows\System32\GDI32.dll
0x00007ff862a60000 - 0x00007ff862b98000 	C:\Windows\System32\gdi32full.dll
0x00007ff862cf0000 - 0x00007ff862d93000 	C:\Windows\System32\msvcp_win.dll
0x00007ff837fe0000 - 0x00007ff83827a000 	C:\Windows\WinSxS\amd64_microsoft.windows.common-controls_6595b64144ccf1df_6.0.26100.4768_none_3e0c112ce331287c\COMCTL32.dll
0x00007ff854370000 - 0x00007ff85437b000 	C:\Windows\SYSTEM32\VERSION.dll
0x00007ff862f60000 - 0x00007ff862f8f000 	C:\Windows\System32\IMM32.DLL
0x000001759f310000 - 0x000001759f326000 	C:\Windows\System32\umppc19907.dll
0x000001759f350000 - 0x000001759f363000 	C:\Windows\System32\CsXumd64_19907.dll
0x00007ff843ec0000 - 0x00007ff843ecc000 	C:\Users\Kavitha\Downloads\jdk-21_windows-x64_bin\jdk-21.0.8\bin\vcruntime140_1.dll
0x00007ff82b4e0000 - 0x00007ff82b56e000 	C:\Users\Kavitha\Downloads\jdk-21_windows-x64_bin\jdk-21.0.8\bin\msvcp140.dll
0x00007ff818da0000 - 0x00007ff819abd000 	C:\Users\Kavitha\Downloads\jdk-21_windows-x64_bin\jdk-21.0.8\bin\server\jvm.dll
0x00007ff863d90000 - 0x00007ff863e04000 	C:\Windows\System32\WS2_32.dll
0x00007ff862150000 - 0x00007ff8621ae000 	C:\Windows\SYSTEM32\POWRPROF.dll
0x00007ff840630000 - 0x00007ff840665000 	C:\Windows\SYSTEM32\WINMM.dll
0x00007ff862130000 - 0x00007ff862144000 	C:\Windows\SYSTEM32\UMPDC.dll
0x00007ff860ee0000 - 0x00007ff860efb000 	C:\Windows\SYSTEM32\kernel.appcore.dll
0x00007ff840070000 - 0x00007ff84007a000 	C:\Users\Kavitha\Downloads\jdk-21_windows-x64_bin\jdk-21.0.8\bin\jimage.dll
0x00007ff850d40000 - 0x00007ff850f81000 	C:\Windows\SYSTEM32\DBGHELP.DLL
0x00007ff8641e0000 - 0x00007ff864565000 	C:\Windows\System32\combase.dll
0x00007ff8635a0000 - 0x00007ff863680000 	C:\Windows\System32\OLEAUT32.dll
0x00007ff852d20000 - 0x00007ff852d63000 	C:\Windows\SYSTEM32\dbgcore.DLL
0x00007ff862da0000 - 0x00007ff862e39000 	C:\Windows\System32\bcryptPrimitives.dll
0x00007ff835750000 - 0x00007ff83576f000 	C:\Users\Kavitha\Downloads\jdk-21_windows-x64_bin\jdk-21.0.8\bin\java.dll

dbghelp: loaded successfully - version: 4.0.5 - missing functions: none
symbol engine: initialized successfully - sym options: 0x614 - pdb path: .;C:\Users\Kavitha\Downloads\jdk-21_windows-x64_bin\jdk-21.0.8\bin;C:\Windows\SYSTEM32;C:\Windows\WinSxS\amd64_microsoft.windows.common-controls_6595b64144ccf1df_6.0.26100.4768_none_3e0c112ce331287c;C:\Users\Kavitha\Downloads\jdk-21_windows-x64_bin\jdk-21.0.8\bin\server

VM Arguments:
jvm_args: --enable-native-access=ALL-UNNAMED 
java_command: <unknown>
java_class_path (initial): <not set>
Launcher Type: SUN_STANDARD

[Global flags]
     intx CICompilerCount                          = 3                                         {product} {ergonomic}
     uint ConcGCThreads                            = 1                                         {product} {ergonomic}
     uint G1ConcRefinementThreads                  = 4                                         {product} {ergonomic}
   size_t G1HeapRegionSize                         = 2097152                                   {product} {ergonomic}
    uintx GCDrainStackTargetSize                   = 64                                        {product} {ergonomic}
   size_t InitialHeapSize                          = 268435456                                 {product} {ergonomic}
   size_t MarkStackSize                            = 4194304                                   {product} {ergonomic}
   size_t MaxHeapSize                              = 4282384384                                {product} {ergonomic}
   size_t MinHeapDeltaBytes                        = 2097152                                   {product} {ergonomic}
   size_t MinHeapSize                              = 8388608                                   {product} {ergonomic}
    uintx NonNMethodCodeHeapSize                   = 5832780                                {pd product} {ergonomic}
    uintx NonProfiledCodeHeapSize                  = 122912730                              {pd product} {ergonomic}
    uintx ProfiledCodeHeapSize                     = 122912730                              {pd product} {ergonomic}
    uintx ReservedCodeCacheSize                    = 251658240                              {pd product} {ergonomic}
     bool SegmentedCodeCache                       = true                                      {product} {ergonomic}
   size_t SoftMaxHeapSize                          = 4282384384                             {manageable} {ergonomic}
     bool UseCompressedOops                        = true                           {product lp64_product} {ergonomic}
     bool UseG1GC                                  = true                                      {product} {ergonomic}
     bool UseLargePagesIndividualAllocation        = false                                  {pd product} {ergonomic}

Logging:
Log output configuration:
 #0: stdout all=warning uptime,level,tags foldmultilines=false
 #1: stderr all=off uptime,level,tags foldmultilines=false

Environment Variables:
JAVA_HOME=C:\Users\Kavitha\Downloads\jdk-21_windows-x64_bin\jdk-21.0.8
PATH=C:\Users\Kavitha\Downloads\jdk-21_windows-x64_bin\jdk-21.0.8\bin;C:\Windows\System32\bin;C:\Windows\System32
USERNAME=Kavitha
LANG=en_US.UTF-8
OS=Windows_NT
PROCESSOR_IDENTIFIER=AMD64 Family 25 Model 1 Stepping 1, AuthenticAMD
TMP=C:\Users\Kavitha\AppData\Local\Temp
TEMP=C:\Users\Kavitha\AppData\Local\Temp




Periodic native trim disabled

---------------  S Y S T E M  ---------------

OS:
 Windows 11 , 64 bit Build 26100 (10.0.26100.4768)
OS uptime: 25 days 16:41 hours
Hyper-V virtualization detected

CPU: total 4 (initial active 4) (16 cores per cpu, 2 threads per core) family 25 model 1 stepping 1 microcode 0xffffffff, cx8, cmov, fxsr, ht, mmx, 3dnowpref, sse, sse2, sse3, ssse3, sse4a, sse4.1, sse4.2, popcnt, lzcnt, tsc, tscinvbit, avx, avx2, aes, erms, clmul, bmi1, bmi2, adx, sha, fma, vzeroupper, clflush, clflushopt, hv, rdtscp, rdpid, fsrm, f16c, cet_ss
Processor Information for all 4 processors :
  Max Mhz: 2445, Current Mhz: 2445, Mhz Limit: 2445

Memory: 4k page, system-wide physical 16332M (523M free)
TotalPageFile size 32518M (AvailPageFile size 188M)
current process WorkingSet (physical memory assigned to process): 12M, peak: 12M
current process commit charge ("private bytes"): 52M, peak: 308M

vm_info: Java HotSpot(TM) 64-Bit Server VM (21.0.8+12-LTS-250) for windows-amd64 JRE (21.0.8+12-LTS-250), built on 2025-06-27T08:11:22Z by "mach5one" with MS VC++ 17.6 (VS2022)

END.
