#
# There is insufficient memory for the Java Runtime Environment to continue.
# Native memory allocation (malloc) failed to allocate 1354336 bytes for Chunk::new
# Possible reasons:
#   The system is out of physical RAM or swap space
#   The process is running with CompressedOops enabled, and the Java Heap may be blocking the growth of the native heap
# Possible solutions:
#   Reduce memory load on the system
#   Increase physical memory or swap space
#   Check if swap backing store is full
#   Decrease Java heap size (-Xmx/-Xms)
#   Decrease number of Java threads
#   Decrease Java thread stack sizes (-Xss)
#   Set larger code cache with -XX:ReservedCodeCacheSize=
#   JVM is running with Zero Based Compressed Oops mode in which the Java heap is
#     placed in the first 32GB address space. The Java Heap base address is the
#     maximum limit for the native heap growth. Please use -XX:HeapBaseMinAddress
#     to set the Java Heap base and to place the Java Heap above 32GB virtual address.
# This output file may be truncated or incomplete.
#
#  Out of Memory Error (arena.cpp:168), pid=25960, tid=25176
#
# JRE version: Java(TM) SE Runtime Environment (21.0.8+12) (build 21.0.8+12-LTS-250)
# Java VM: Java HotSpot(TM) 64-Bit Server VM (21.0.8+12-LTS-250, mixed mode, sharing, tiered, compressed oops, compressed class ptrs, g1 gc, windows-amd64)
# No core dump will be written. Minidumps are not enabled by default on client versions of Windows
#

---------------  S U M M A R Y ------------

Command Line: --enable-native-access=ALL-UNNAMED -Dclassworlds.conf=C:\Users\Kavitha\Downloads\apache-maven-3.9.11-bin\apache-maven-3.9.11\bin\m2.conf -Dmaven.home=C:\Users\Kavitha\Downloads\apache-maven-3.9.11-bin\apache-maven-3.9.11 -Dlibrary.jansi.path=C:\Users\Kavitha\Downloads\apache-maven-3.9.11-bin\apache-maven-3.9.11\lib\jansi-native -Dmaven.multiModuleProjectDirectory=C:\Users\Kavitha\workspace\SnykFixForJavaProject\restAPISynk org.codehaus.plexus.classworlds.launcher.Launcher -U clean install

Host: AMD EPYC 7763 64-Core Processor                , 4 cores, 15G,  Windows 11 , 64 bit Build 26100 (10.0.26100.4768)
Time: Fri Sep 12 07:14:01 2025 Coordinated Universal Time elapsed time: 14.432720 seconds (0d 0h 0m 14s)

---------------  T H R E A D  ---------------

Current thread (0x0000023fff25bdb0):  JavaThread "C2 CompilerThread0" daemon [_thread_in_native, id=25176, stack(0x000000de16100000,0x000000de16200000) (1024K)]


Current CompileTask:
C2:  14433 8106   !   4       com.google.inject.spi.InjectionPoint::getInjectionPoints (489 bytes)

Stack: [0x000000de16100000,0x000000de16200000]
Native frames: (J=compiled Java code, j=interpreted, Vv=VM code, C=native code)
V  [jvm.dll+0x6cc179]
V  [jvm.dll+0x8584c1]
V  [jvm.dll+0x85a9ee]
V  [jvm.dll+0x85b0c3]
V  [jvm.dll+0x27ebf6]
V  [jvm.dll+0xc4f4d]
V  [jvm.dll+0xc5483]
V  [jvm.dll+0x3b6abc]
V  [jvm.dll+0x1e0559]
V  [jvm.dll+0x2477c2]
V  [jvm.dll+0x246c4f]
V  [jvm.dll+0x1c7a3e]
V  [jvm.dll+0x256359]
V  [jvm.dll+0x2548ea]
V  [jvm.dll+0x3efef6]
V  [jvm.dll+0x80279b]
V  [jvm.dll+0x6ca85d]
C  [ucrtbase.dll+0x37b0]
C  [KERNEL32.DLL+0x2e8d7]
C  [ntdll.dll+0x3c34c]


---------------  P R O C E S S  ---------------

Threads class SMR info:
_java_thread_list=0x0000023fcc2ba160, length=13, elements={
0x0000023fe68bb110, 0x0000023fff22f3f0, 0x0000023fff230ab0, 0x0000023fff232270,
0x0000023fff238480, 0x0000023fff2595d0, 0x0000023fff25a020, 0x0000023fff25bdb0,
0x0000023fff262180, 0x0000023fcb24a0a0, 0x0000023fcb254730, 0x0000023fcc3c7530,
0x0000023fcc505e80
}

Java Threads: ( => current thread )
  0x0000023fe68bb110 JavaThread "main"                              [_thread_in_native, id=7196, stack(0x000000de15300000,0x000000de15400000) (1024K)]
  0x0000023fff22f3f0 JavaThread "Reference Handler"          daemon [_thread_blocked, id=22924, stack(0x000000de15b00000,0x000000de15c00000) (1024K)]
  0x0000023fff230ab0 JavaThread "Finalizer"                  daemon [_thread_blocked, id=9136, stack(0x000000de15c00000,0x000000de15d00000) (1024K)]
  0x0000023fff232270 JavaThread "Signal Dispatcher"          daemon [_thread_blocked, id=16564, stack(0x000000de15d00000,0x000000de15e00000) (1024K)]
  0x0000023fff238480 JavaThread "Attach Listener"            daemon [_thread_blocked, id=6456, stack(0x000000de15e00000,0x000000de15f00000) (1024K)]
  0x0000023fff2595d0 JavaThread "Service Thread"             daemon [_thread_blocked, id=19508, stack(0x000000de15f00000,0x000000de16000000) (1024K)]
  0x0000023fff25a020 JavaThread "Monitor Deflation Thread"   daemon [_thread_blocked, id=26632, stack(0x000000de16000000,0x000000de16100000) (1024K)]
=>0x0000023fff25bdb0 JavaThread "C2 CompilerThread0"         daemon [_thread_in_native, id=25176, stack(0x000000de16100000,0x000000de16200000) (1024K)]
  0x0000023fff262180 JavaThread "C1 CompilerThread0"         daemon [_thread_blocked, id=27056, stack(0x000000de16200000,0x000000de16300000) (1024K)]
  0x0000023fcb24a0a0 JavaThread "Notification Thread"        daemon [_thread_blocked, id=20168, stack(0x000000de16300000,0x000000de16400000) (1024K)]
  0x0000023fcb254730 JavaThread "Common-Cleaner"             daemon [_thread_blocked, id=15744, stack(0x000000de16400000,0x000000de16500000) (1024K)]
  0x0000023fcc3c7530 JavaThread "Thread-1"                   daemon [_thread_blocked, id=6692, stack(0x000000de16900000,0x000000de16a00000) (1024K)]
  0x0000023fcc505e80 JavaThread "C2 CompilerThread1"         daemon [_thread_in_native, id=13472, stack(0x000000de16500000,0x000000de16600000) (1024K)]
Total: 13

Other Threads:
  0x0000023fff2135e0 VMThread "VM Thread"                           [id=24952, stack(0x000000de15a00000,0x000000de15b00000) (1024K)]
  0x0000023fff1ffe40 WatcherThread "VM Periodic Task Thread"        [id=8124, stack(0x000000de15900000,0x000000de15a00000) (1024K)]
  0x0000023fe691bed0 WorkerThread "GC Thread#0"                     [id=768, stack(0x000000de15400000,0x000000de15500000) (1024K)]
  0x0000023fcb6845d0 WorkerThread "GC Thread#1"                     [id=10576, stack(0x000000de16600000,0x000000de16700000) (1024K)]
  0x0000023fcbedf8f0 WorkerThread "GC Thread#2"                     [id=4176, stack(0x000000de16700000,0x000000de16800000) (1024K)]
  0x0000023fcb989c50 WorkerThread "GC Thread#3"                     [id=26692, stack(0x000000de16800000,0x000000de16900000) (1024K)]
  0x0000023fe692dc70 ConcurrentGCThread "G1 Main Marker"            [id=27204, stack(0x000000de15500000,0x000000de15600000) (1024K)]
  0x0000023fe692fdc0 WorkerThread "G1 Conc#0"                       [id=20220, stack(0x000000de15600000,0x000000de15700000) (1024K)]
  0x0000023fe696e440 ConcurrentGCThread "G1 Refine#0"               [id=7316, stack(0x000000de15700000,0x000000de15800000) (1024K)]
  0x0000023fff0bf560 ConcurrentGCThread "G1 Service"                [id=22340, stack(0x000000de15800000,0x000000de15900000) (1024K)]
Total: 10

Threads with active compile tasks:
C2 CompilerThread0    14476 8106   !   4       com.google.inject.spi.InjectionPoint::getInjectionPoints (489 bytes)
C2 CompilerThread1    14476 7960   !   4       java.lang.ClassLoader::loadClass (121 bytes)
Total: 2

VM state: not at safepoint (normal execution)

VM Mutex/Monitor currently owned by a thread: None

Heap address: 0x0000000700c00000, size: 4084 MB, Compressed Oops mode: Zero based, Oop shift amount: 3

CDS archive(s) mapped at: [0x0000023f86000000-0x0000023f86c90000-0x0000023f86c90000), size 13172736, SharedBaseAddress: 0x0000023f86000000, ArchiveRelocationMode: 1.
Compressed class space mapped at: 0x0000023f87000000-0x0000023fc7000000, reserved size: 1073741824
Narrow klass base: 0x0000023f86000000, Narrow klass shift: 0, Narrow klass range: 0x100000000

GC Precious Log:
 CardTable entry size: 512
 Card Set container configuration: InlinePtr #cards 4 size 8 Array Of Cards #cards 16 size 48 Howl #buckets 8 coarsen threshold 3686 Howl Bitmap #cards 512 size 80 coarsen threshold 460 Card regions per heap region 1 cards per card region 4096
 CPUs: 4 total, 4 available
 Memory: 16332M
 Large Page Support: Disabled
 NUMA Support: Disabled
 Compressed Oops: Enabled (Zero based)
 Heap Region Size: 2M
 Heap Min Capacity: 8M
 Heap Initial Capacity: 256M
 Heap Max Capacity: 4084M
 Pre-touch: Disabled
 Parallel Workers: 4
 Concurrent Workers: 1
 Concurrent Refinement Workers: 4
 Periodic GC: Disabled

Heap:
 garbage-first heap   total 126976K, used 52193K [0x0000000700c00000, 0x0000000800000000)
  region size 2048K, 6 young (12288K), 2 survivors (4096K)
 Metaspace       used 36446K, committed 37056K, reserved 1114112K
  class space    used 4150K, committed 4416K, reserved 1048576K

Heap Regions: E=young(eden), S=young(survivor), O=old, HS=humongous(starts), HC=humongous(continues), CS=collection set, F=free, TAMS=top-at-mark-start, PB=parsable bottom
|   0|0x0000000700c00000, 0x0000000700e00000, 0x0000000700e00000|100%| O|  |TAMS 0x0000000700c00000| PB 0x0000000700c00000| Untracked 
|   1|0x0000000700e00000, 0x0000000701000000, 0x0000000701000000|100%| O|  |TAMS 0x0000000700e00000| PB 0x0000000700e00000| Untracked 
|   2|0x0000000701000000, 0x0000000701200000, 0x0000000701200000|100%| O|  |TAMS 0x0000000701000000| PB 0x0000000701000000| Untracked 
|   3|0x0000000701200000, 0x0000000701400000, 0x0000000701400000|100%| O|  |TAMS 0x0000000701200000| PB 0x0000000701200000| Untracked 
|   4|0x0000000701400000, 0x0000000701600000, 0x0000000701600000|100%|HS|  |TAMS 0x0000000701400000| PB 0x0000000701400000| Complete 
|   5|0x0000000701600000, 0x0000000701800000, 0x0000000701800000|100%|HC|  |TAMS 0x0000000701600000| PB 0x0000000701600000| Complete 
|   6|0x0000000701800000, 0x0000000701a00000, 0x0000000701a00000|100%| O|  |TAMS 0x0000000701800000| PB 0x0000000701800000| Untracked 
|   7|0x0000000701a00000, 0x0000000701c00000, 0x0000000701c00000|100%| O|  |TAMS 0x0000000701a00000| PB 0x0000000701a00000| Untracked 
|   8|0x0000000701c00000, 0x0000000701e00000, 0x0000000701e00000|100%| O|  |TAMS 0x0000000701c00000| PB 0x0000000701c00000| Untracked 
|   9|0x0000000701e00000, 0x0000000702000000, 0x0000000702000000|100%| O|  |TAMS 0x0000000701e00000| PB 0x0000000701e00000| Untracked 
|  10|0x0000000702000000, 0x0000000702200000, 0x0000000702200000|100%| O|  |TAMS 0x0000000702000000| PB 0x0000000702000000| Untracked 
|  11|0x0000000702200000, 0x0000000702400000, 0x0000000702400000|100%| O|  |TAMS 0x0000000702200000| PB 0x0000000702200000| Untracked 
|  12|0x0000000702400000, 0x0000000702400000, 0x0000000702600000|  0%| F|  |TAMS 0x0000000702400000| PB 0x0000000702400000| Untracked 
|  13|0x0000000702600000, 0x0000000702800000, 0x0000000702800000|100%| O|  |TAMS 0x0000000702600000| PB 0x0000000702600000| Untracked 
|  14|0x0000000702800000, 0x0000000702a00000, 0x0000000702a00000|100%| O|  |TAMS 0x0000000702800000| PB 0x0000000702800000| Untracked 
|  15|0x0000000702a00000, 0x0000000702c00000, 0x0000000702c00000|100%| O|  |TAMS 0x0000000702a00000| PB 0x0000000702a00000| Untracked 
|  16|0x0000000702c00000, 0x0000000702e00000, 0x0000000702e00000|100%| O|Cm|TAMS 0x0000000702c00000| PB 0x0000000702c00000| Complete 
|  17|0x0000000702e00000, 0x0000000703000000, 0x0000000703000000|100%| O|  |TAMS 0x0000000702e00000| PB 0x0000000702e00000| Untracked 
|  18|0x0000000703000000, 0x0000000703000000, 0x0000000703200000|  0%| F|  |TAMS 0x0000000703000000| PB 0x0000000703000000| Untracked 
|  19|0x0000000703200000, 0x0000000703200000, 0x0000000703400000|  0%| F|  |TAMS 0x0000000703200000| PB 0x0000000703200000| Untracked 
|  20|0x0000000703400000, 0x0000000703400000, 0x0000000703600000|  0%| F|  |TAMS 0x0000000703400000| PB 0x0000000703400000| Untracked 
|  21|0x0000000703600000, 0x0000000703600000, 0x0000000703800000|  0%| F|  |TAMS 0x0000000703600000| PB 0x0000000703600000| Untracked 
|  22|0x0000000703800000, 0x0000000703800000, 0x0000000703a00000|  0%| F|  |TAMS 0x0000000703800000| PB 0x0000000703800000| Untracked 
|  23|0x0000000703a00000, 0x0000000703c00000, 0x0000000703c00000|100%| O|  |TAMS 0x0000000703a00000| PB 0x0000000703a00000| Untracked 
|  24|0x0000000703c00000, 0x0000000703c00000, 0x0000000703e00000|  0%| F|  |TAMS 0x0000000703c00000| PB 0x0000000703c00000| Untracked 
|  25|0x0000000703e00000, 0x0000000703e00000, 0x0000000704000000|  0%| F|  |TAMS 0x0000000703e00000| PB 0x0000000703e00000| Untracked 
|  26|0x0000000704000000, 0x0000000704000000, 0x0000000704200000|  0%| F|  |TAMS 0x0000000704000000| PB 0x0000000704000000| Untracked 
|  27|0x0000000704200000, 0x0000000704200000, 0x0000000704400000|  0%| F|  |TAMS 0x0000000704200000| PB 0x0000000704200000| Untracked 
|  28|0x0000000704400000, 0x0000000704400000, 0x0000000704600000|  0%| F|  |TAMS 0x0000000704400000| PB 0x0000000704400000| Untracked 
|  29|0x0000000704600000, 0x0000000704600000, 0x0000000704800000|  0%| F|  |TAMS 0x0000000704600000| PB 0x0000000704600000| Untracked 
|  30|0x0000000704800000, 0x0000000704800000, 0x0000000704a00000|  0%| F|  |TAMS 0x0000000704800000| PB 0x0000000704800000| Untracked 
|  31|0x0000000704a00000, 0x0000000704a00000, 0x0000000704c00000|  0%| F|  |TAMS 0x0000000704a00000| PB 0x0000000704a00000| Untracked 
|  32|0x0000000704c00000, 0x0000000704c00000, 0x0000000704e00000|  0%| F|  |TAMS 0x0000000704c00000| PB 0x0000000704c00000| Untracked 
|  33|0x0000000704e00000, 0x0000000704e00000, 0x0000000705000000|  0%| F|  |TAMS 0x0000000704e00000| PB 0x0000000704e00000| Untracked 
|  34|0x0000000705000000, 0x0000000705000000, 0x0000000705200000|  0%| F|  |TAMS 0x0000000705000000| PB 0x0000000705000000| Untracked 
|  35|0x0000000705200000, 0x0000000705200000, 0x0000000705400000|  0%| F|  |TAMS 0x0000000705200000| PB 0x0000000705200000| Untracked 
|  36|0x0000000705400000, 0x0000000705400000, 0x0000000705600000|  0%| F|  |TAMS 0x0000000705400000| PB 0x0000000705400000| Untracked 
|  37|0x0000000705600000, 0x0000000705600000, 0x0000000705800000|  0%| F|  |TAMS 0x0000000705600000| PB 0x0000000705600000| Untracked 
|  38|0x0000000705800000, 0x0000000705800000, 0x0000000705a00000|  0%| F|  |TAMS 0x0000000705800000| PB 0x0000000705800000| Untracked 
|  39|0x0000000705a00000, 0x0000000705a00000, 0x0000000705c00000|  0%| F|  |TAMS 0x0000000705a00000| PB 0x0000000705a00000| Untracked 
|  40|0x0000000705c00000, 0x0000000705c00000, 0x0000000705e00000|  0%| F|  |TAMS 0x0000000705c00000| PB 0x0000000705c00000| Untracked 
|  41|0x0000000705e00000, 0x0000000705e00000, 0x0000000706000000|  0%| F|  |TAMS 0x0000000705e00000| PB 0x0000000705e00000| Untracked 
|  42|0x0000000706000000, 0x0000000706000000, 0x0000000706200000|  0%| F|  |TAMS 0x0000000706000000| PB 0x0000000706000000| Untracked 
|  43|0x0000000706200000, 0x0000000706200000, 0x0000000706400000|  0%| F|  |TAMS 0x0000000706200000| PB 0x0000000706200000| Untracked 
|  44|0x0000000706400000, 0x0000000706400000, 0x0000000706600000|  0%| F|  |TAMS 0x0000000706400000| PB 0x0000000706400000| Untracked 
|  45|0x0000000706600000, 0x0000000706600000, 0x0000000706800000|  0%| F|  |TAMS 0x0000000706600000| PB 0x0000000706600000| Untracked 
|  46|0x0000000706800000, 0x0000000706800000, 0x0000000706a00000|  0%| F|  |TAMS 0x0000000706800000| PB 0x0000000706800000| Untracked 
|  47|0x0000000706a00000, 0x0000000706a00000, 0x0000000706c00000|  0%| F|  |TAMS 0x0000000706a00000| PB 0x0000000706a00000| Untracked 
|  48|0x0000000706c00000, 0x0000000706c00000, 0x0000000706e00000|  0%| F|  |TAMS 0x0000000706c00000| PB 0x0000000706c00000| Untracked 
|  49|0x0000000706e00000, 0x0000000706e00000, 0x0000000707000000|  0%| F|  |TAMS 0x0000000706e00000| PB 0x0000000706e00000| Untracked 
|  50|0x0000000707000000, 0x0000000707000000, 0x0000000707200000|  0%| F|  |TAMS 0x0000000707000000| PB 0x0000000707000000| Untracked 
|  51|0x0000000707200000, 0x0000000707200000, 0x0000000707400000|  0%| F|  |TAMS 0x0000000707200000| PB 0x0000000707200000| Untracked 
|  52|0x0000000707400000, 0x0000000707400000, 0x0000000707600000|  0%| F|  |TAMS 0x0000000707400000| PB 0x0000000707400000| Untracked 
|  53|0x0000000707600000, 0x0000000707800000, 0x0000000707800000|100%| S|CS|TAMS 0x0000000707600000| PB 0x0000000707600000| Complete 
|  54|0x0000000707800000, 0x00000007078f84c0, 0x0000000707a00000| 48%| S|CS|TAMS 0x0000000707800000| PB 0x0000000707800000| Complete 
| 118|0x000000070f800000, 0x000000070f8d34d0, 0x000000070fa00000| 41%| E|  |TAMS 0x000000070f800000| PB 0x000000070f800000| Complete 
| 119|0x000000070fa00000, 0x000000070fc00000, 0x000000070fc00000|100%| E|CS|TAMS 0x000000070fa00000| PB 0x000000070fa00000| Complete 
| 120|0x000000070fc00000, 0x000000070fe00000, 0x000000070fe00000|100%| E|CS|TAMS 0x000000070fc00000| PB 0x000000070fc00000| Complete 
| 127|0x0000000710a00000, 0x0000000710c00000, 0x0000000710c00000|100%| E|CS|TAMS 0x0000000710a00000| PB 0x0000000710a00000| Complete 
|2039|0x00000007ffa00000, 0x00000007ffc00000, 0x00000007ffc00000|100%| O|  |TAMS 0x00000007ffa00000| PB 0x00000007ffa00000| Untracked 
|2040|0x00000007ffc00000, 0x00000007ffe00000, 0x00000007ffe00000|100%| O|  |TAMS 0x00000007ffc00000| PB 0x00000007ffc00000| Untracked 
|2041|0x00000007ffe00000, 0x0000000800000000, 0x0000000800000000|100%| O|  |TAMS 0x00000007ffe00000| PB 0x00000007ffe00000| Untracked 

Card table byte_map: [0x0000023ffe540000,0x0000023ffed40000] _byte_map_base: 0x0000023ffad3a000

Marking Bits: (CMBitMap*) 0x0000023fe691c5d0
 Bits: [0x0000023f80000000, 0x0000023f83fd0000)

Polling page: 0x0000023fe4720000

Metaspace:

Usage:
  Non-class:     31.54 MB used.
      Class:      4.05 MB used.
       Both:     35.59 MB used.

Virtual space:
  Non-class space:       64.00 MB reserved,      31.88 MB ( 50%) committed,  1 nodes.
      Class space:        1.00 GB reserved,       4.31 MB ( <1%) committed,  1 nodes.
             Both:        1.06 GB reserved,      36.19 MB (  3%) committed. 

Chunk freelists:
   Non-Class:  15.64 MB
       Class:  11.73 MB
        Both:  27.38 MB

MaxMetaspaceSize: unlimited
CompressedClassSpaceSize: 1.00 GB
Initial GC threshold: 21.00 MB
Current GC threshold: 57.44 MB
CDS: on
 - commit_granule_bytes: 65536.
 - commit_granule_words: 8192.
 - virtual_space_node_default_size: 8388608.
 - enlarge_chunks_in_place: 1.
 - use_allocation_guard: 0.


Internal statistics:

num_allocs_failed_limit: 3.
num_arena_births: 544.
num_arena_deaths: 0.
num_vsnodes_births: 2.
num_vsnodes_deaths: 0.
num_space_committed: 579.
num_space_uncommitted: 0.
num_chunks_returned_to_freelist: 3.
num_chunks_taken_from_freelist: 1872.
num_chunk_merges: 3.
num_chunk_splits: 1330.
num_chunks_enlarged: 1018.
num_inconsistent_stats: 0.

CodeHeap 'non-profiled nmethods': size=120000Kb used=4254Kb max_used=4677Kb free=115745Kb
 bounds [0x0000023ff6810000, 0x0000023ff6cc0000, 0x0000023ffdd40000]
CodeHeap 'profiled nmethods': size=120000Kb used=16725Kb max_used=18511Kb free=103274Kb
 bounds [0x0000023feed40000, 0x0000023feff60000, 0x0000023ff6270000]
CodeHeap 'non-nmethods': size=5760Kb used=1514Kb max_used=1546Kb free=4246Kb
 bounds [0x0000023ff6270000, 0x0000023ff64e0000, 0x0000023ff6810000]
 total_blobs=8040 nmethods=7453 adapters=491
 compilation: enabled
              stopped_count=0, restarted_count=0
 full_count=0

Compilation events (20 events):
Event: 13.664 Thread 0x0000023fff262180 8312       2       java.time.LocalDateTime::getMonthValue (8 bytes)
Event: 13.665 Thread 0x0000023fff262180 nmethod 8312 0x0000023fef397110 code [0x0000023fef3972a0, 0x0000023fef3973b8]
Event: 13.672 Thread 0x0000023fff262180 8313       2       java.util.zip.ZipEntry::setCompressedSize (11 bytes)
Event: 13.672 Thread 0x0000023fff262180 nmethod 8313 0x0000023fef0c7c10 code [0x0000023fef0c7da0, 0x0000023fef0c7eb0]
Event: 13.676 Thread 0x0000023fff262180 8314       2       java.util.jar.JarInputStream::createZipEntry (30 bytes)
Event: 13.677 Thread 0x0000023fff262180 nmethod 8314 0x0000023fef0b1810 code [0x0000023fef0b19e0, 0x0000023fef0b1c90]
Event: 13.699 Thread 0x0000023fff262180 8315   !   3       java.util.zip.Inflater::inflate (456 bytes)
Event: 13.701 Thread 0x0000023fff262180 nmethod 8315 0x0000023fef498c10 code [0x0000023fef499000, 0x0000023fef49af58]
Event: 13.708 Thread 0x0000023fff262180 8316       3       sun.nio.cs.UTF_8$Encoder::encodeBufferLoop (326 bytes)
Event: 13.709 Thread 0x0000023fff262180 nmethod 8316 0x0000023feef30d90 code [0x0000023feef311a0, 0x0000023feef32d28]
Event: 13.709 Thread 0x0000023fff262180 8317       2       java.util.jar.JarInputStream::getNextJarEntry (8 bytes)
Event: 13.709 Thread 0x0000023fff262180 nmethod 8317 0x0000023feefab210 code [0x0000023feefab3c0, 0x0000023feefab520]
Event: 13.709 Thread 0x0000023fff262180 8318       2       java.util.jar.JarInputStream::getNextEntry (115 bytes)
Event: 13.710 Thread 0x0000023fff262180 nmethod 8318 0x0000023fef229510 code [0x0000023fef229700, 0x0000023fef229a78]
Event: 13.712 Thread 0x0000023fff262180 8319       2       java.io.ByteArrayInputStream::<init> (26 bytes)
Event: 13.712 Thread 0x0000023fff262180 nmethod 8319 0x0000023feed93e90 code [0x0000023feed94020, 0x0000023feed94198]
Event: 13.715 Thread 0x0000023fff262180 8320       1       java.util.zip.ZipEntry::getLastAccessTime (5 bytes)
Event: 13.715 Thread 0x0000023fff262180 nmethod 8320 0x0000023ff688a990 code [0x0000023ff688ab20, 0x0000023ff688abf0]
Event: 13.715 Thread 0x0000023fff262180 8321       1       java.util.zip.ZipEntry::getCreationTime (5 bytes)
Event: 13.715 Thread 0x0000023fff262180 nmethod 8321 0x0000023ff688a590 code [0x0000023ff688a720, 0x0000023ff688a7f0]

GC Heap History (18 events):
Event: 0.643 GC heap before
{Heap before GC invocations=0 (full 0):
 garbage-first heap   total 262144K, used 12288K [0x0000000700c00000, 0x0000000800000000)
  region size 2048K, 6 young (12288K), 0 survivors (0K)
 Metaspace       used 3307K, committed 3392K, reserved 1114112K
  class space    used 336K, committed 384K, reserved 1048576K
}
Event: 0.659 GC heap after
{Heap after GC invocations=1 (full 0):
 garbage-first heap   total 262144K, used 3264K [0x0000000700c00000, 0x0000000800000000)
  region size 2048K, 1 young (2048K), 1 survivors (2048K)
 Metaspace       used 3307K, committed 3392K, reserved 1114112K
  class space    used 336K, committed 384K, reserved 1048576K
}
Event: 0.962 GC heap before
{Heap before GC invocations=1 (full 0):
 garbage-first heap   total 262144K, used 15552K [0x0000000700c00000, 0x0000000800000000)
  region size 2048K, 7 young (14336K), 1 survivors (2048K)
 Metaspace       used 5660K, committed 5888K, reserved 1114112K
  class space    used 656K, committed 768K, reserved 1048576K
}
Event: 0.966 GC heap after
{Heap after GC invocations=2 (full 0):
 garbage-first heap   total 262144K, used 4044K [0x0000000700c00000, 0x0000000800000000)
  region size 2048K, 1 young (2048K), 1 survivors (2048K)
 Metaspace       used 5660K, committed 5888K, reserved 1114112K
  class space    used 656K, committed 768K, reserved 1048576K
}
Event: 1.976 GC heap before
{Heap before GC invocations=2 (full 0):
 garbage-first heap   total 262144K, used 40908K [0x0000000700c00000, 0x0000000800000000)
  region size 2048K, 19 young (38912K), 1 survivors (2048K)
 Metaspace       used 11279K, committed 11456K, reserved 1114112K
  class space    used 1334K, committed 1408K, reserved 1048576K
}
Event: 1.981 GC heap after
{Heap after GC invocations=3 (full 0):
 garbage-first heap   total 262144K, used 6160K [0x0000000700c00000, 0x0000000800000000)
  region size 2048K, 2 young (4096K), 2 survivors (4096K)
 Metaspace       used 11279K, committed 11456K, reserved 1114112K
  class space    used 1334K, committed 1408K, reserved 1048576K
}
Event: 7.214 GC heap before
{Heap before GC invocations=3 (full 0):
 garbage-first heap   total 262144K, used 155664K [0x0000000700c00000, 0x0000000800000000)
  region size 2048K, 76 young (155648K), 2 survivors (4096K)
 Metaspace       used 20014K, committed 20352K, reserved 1114112K
  class space    used 2235K, committed 2432K, reserved 1048576K
}
Event: 7.229 GC heap after
{Heap after GC invocations=4 (full 0):
 garbage-first heap   total 262144K, used 18077K [0x0000000700c00000, 0x0000000800000000)
  region size 2048K, 8 young (16384K), 8 survivors (16384K)
 Metaspace       used 20014K, committed 20352K, reserved 1114112K
  class space    used 2235K, committed 2432K, reserved 1048576K
}
Event: 7.459 GC heap before
{Heap before GC invocations=4 (full 0):
 garbage-first heap   total 262144K, used 38557K [0x0000000700c00000, 0x0000000800000000)
  region size 2048K, 15 young (30720K), 8 survivors (16384K)
 Metaspace       used 21201K, committed 21504K, reserved 1114112K
  class space    used 2406K, committed 2560K, reserved 1048576K
}
Event: 7.473 GC heap after
{Heap after GC invocations=5 (full 0):
 garbage-first heap   total 262144K, used 30337K [0x0000000700c00000, 0x0000000800000000)
  region size 2048K, 3 young (6144K), 3 survivors (6144K)
 Metaspace       used 21201K, committed 21504K, reserved 1114112K
  class space    used 2406K, committed 2560K, reserved 1048576K
}
Event: 9.488 GC heap before
{Heap before GC invocations=6 (full 0):
 garbage-first heap   total 116736K, used 93825K [0x0000000700c00000, 0x0000000800000000)
  region size 2048K, 34 young (69632K), 3 survivors (6144K)
 Metaspace       used 27696K, committed 28032K, reserved 1114112K
  class space    used 3096K, committed 3264K, reserved 1048576K
}
Event: 9.504 GC heap after
{Heap after GC invocations=7 (full 0):
 garbage-first heap   total 116736K, used 40015K [0x0000000700c00000, 0x0000000800000000)
  region size 2048K, 5 young (10240K), 5 survivors (10240K)
 Metaspace       used 27696K, committed 28032K, reserved 1114112K
  class space    used 3096K, committed 3264K, reserved 1048576K
}
Event: 11.233 GC heap before
{Heap before GC invocations=7 (full 0):
 garbage-first heap   total 116736K, used 93263K [0x0000000700c00000, 0x0000000800000000)
  region size 2048K, 31 young (63488K), 5 survivors (10240K)
 Metaspace       used 31226K, committed 31680K, reserved 1114112K
  class space    used 3521K, committed 3712K, reserved 1048576K
}
Event: 11.250 GC heap after
{Heap after GC invocations=8 (full 0):
 garbage-first heap   total 116736K, used 40933K [0x0000000700c00000, 0x0000000800000000)
  region size 2048K, 2 young (4096K), 2 survivors (4096K)
 Metaspace       used 31226K, committed 31680K, reserved 1114112K
  class space    used 3521K, committed 3712K, reserved 1048576K
}
Event: 12.453 GC heap before
{Heap before GC invocations=8 (full 0):
 garbage-first heap   total 116736K, used 102373K [0x0000000700c00000, 0x0000000800000000)
  region size 2048K, 25 young (51200K), 2 survivors (4096K)
 Metaspace       used 34796K, committed 35264K, reserved 1114112K
  class space    used 3947K, committed 4160K, reserved 1048576K
}
Event: 12.461 GC heap after
{Heap after GC invocations=9 (full 0):
 garbage-first heap   total 116736K, used 59969K [0x0000000700c00000, 0x0000000800000000)
  region size 2048K, 4 young (8192K), 4 survivors (8192K)
 Metaspace       used 34796K, committed 35264K, reserved 1114112K
  class space    used 3947K, committed 4160K, reserved 1048576K
}
Event: 13.515 GC heap before
{Heap before GC invocations=10 (full 0):
 garbage-first heap   total 116736K, used 113217K [0x0000000700c00000, 0x0000000800000000)
  region size 2048K, 23 young (47104K), 4 survivors (8192K)
 Metaspace       used 36365K, committed 36928K, reserved 1114112K
  class space    used 4142K, committed 4416K, reserved 1048576K
}
Event: 13.524 GC heap after
{Heap after GC invocations=11 (full 0):
 garbage-first heap   total 126976K, used 46049K [0x0000000700c00000, 0x0000000800000000)
  region size 2048K, 2 young (4096K), 2 survivors (4096K)
 Metaspace       used 36365K, committed 36928K, reserved 1114112K
  class space    used 4142K, committed 4416K, reserved 1048576K
}

Dll operation events (8 events):
Event: 0.023 Loaded shared library C:\Users\Kavitha\Downloads\jdk-21_windows-x64_bin\jdk-21.0.8\bin\java.dll
Event: 0.076 Loaded shared library C:\Users\Kavitha\Downloads\jdk-21_windows-x64_bin\jdk-21.0.8\bin\jsvml.dll
Event: 0.104 Loaded shared library C:\Users\Kavitha\Downloads\jdk-21_windows-x64_bin\jdk-21.0.8\bin\net.dll
Event: 0.109 Loaded shared library C:\Users\Kavitha\Downloads\jdk-21_windows-x64_bin\jdk-21.0.8\bin\nio.dll
Event: 0.114 Loaded shared library C:\Users\Kavitha\Downloads\jdk-21_windows-x64_bin\jdk-21.0.8\bin\zip.dll
Event: 0.287 Loaded shared library C:\Users\Kavitha\Downloads\apache-maven-3.9.11-bin\apache-maven-3.9.11\lib\jansi-native\Windows\x86_64\jansi.dll
Event: 0.298 Loaded shared library C:\Users\Kavitha\Downloads\jdk-21_windows-x64_bin\jdk-21.0.8\bin\jimage.dll
Event: 0.308 Loaded shared library C:\Users\Kavitha\Downloads\jdk-21_windows-x64_bin\jdk-21.0.8\bin\verify.dll

Deoptimization events (20 events):
Event: 13.466 Thread 0x0000023fe68bb110 DEOPT PACKING pc=0x0000023ff6ba8b94 sp=0x000000de153fdbd0
Event: 13.466 Thread 0x0000023fe68bb110 DEOPT UNPACKING pc=0x0000023ff62c46a2 sp=0x000000de153fdb88 mode 2
Event: 13.575 Thread 0x0000023fe68bb110 Uncommon trap: trap_request=0xffffff45 fr.pc=0x0000023ff6b13198 relative=0x0000000000000178
Event: 13.575 Thread 0x0000023fe68bb110 Uncommon trap: reason=unstable_if action=reinterpret pc=0x0000023ff6b13198 method=java.util.Arrays.equals([B[B)Z @ 34 c2
Event: 13.575 Thread 0x0000023fe68bb110 DEOPT PACKING pc=0x0000023ff6b13198 sp=0x000000de153fdf40
Event: 13.575 Thread 0x0000023fe68bb110 DEOPT UNPACKING pc=0x0000023ff62c46a2 sp=0x000000de153fdf08 mode 2
Event: 13.575 Thread 0x0000023fe68bb110 Uncommon trap: trap_request=0xffffff45 fr.pc=0x0000023ff6aa4d10 relative=0x0000000000000330
Event: 13.575 Thread 0x0000023fe68bb110 Uncommon trap: reason=unstable_if action=reinterpret pc=0x0000023ff6aa4d10 method=java.util.zip.Inflater.inflate([BII)I @ 31 c2
Event: 13.575 Thread 0x0000023fe68bb110 DEOPT PACKING pc=0x0000023ff6aa4d10 sp=0x000000de153fded0
Event: 13.575 Thread 0x0000023fe68bb110 DEOPT UNPACKING pc=0x0000023ff62c46a2 sp=0x000000de153fde40 mode 2
Event: 13.583 Thread 0x0000023fe68bb110 Uncommon trap: trap_request=0xffffff45 fr.pc=0x0000023ff6b15e54 relative=0x0000000000000134
Event: 13.583 Thread 0x0000023fe68bb110 Uncommon trap: reason=unstable_if action=reinterpret pc=0x0000023ff6b15e54 method=java.util.concurrent.TimeUnit.toMillis(J)J @ 18 c2
Event: 13.584 Thread 0x0000023fe68bb110 DEOPT PACKING pc=0x0000023ff6b15e54 sp=0x000000de153fdda0
Event: 13.584 Thread 0x0000023fe68bb110 DEOPT UNPACKING pc=0x0000023ff62c46a2 sp=0x000000de153fdd08 mode 2
Event: 13.642 Thread 0x0000023fe68bb110 Uncommon trap: trap_request=0xffffff45 fr.pc=0x0000023ff6c578dc relative=0x000000000000029c
Event: 13.642 Thread 0x0000023fe68bb110 Uncommon trap: reason=unstable_if action=reinterpret pc=0x0000023ff6c578dc method=java.lang.String.regionMatches(ZILjava/lang/String;II)Z @ 36 c2
Event: 13.642 Thread 0x0000023fe68bb110 DEOPT PACKING pc=0x0000023ff6c578dc sp=0x000000de153fde00
Event: 13.642 Thread 0x0000023fe68bb110 DEOPT UNPACKING pc=0x0000023ff62c46a2 sp=0x000000de153fdd98 mode 2
Event: 13.708 Thread 0x0000023fe68bb110 DEOPT PACKING pc=0x0000023feee30995 sp=0x000000de153fd930
Event: 13.708 Thread 0x0000023fe68bb110 DEOPT UNPACKING pc=0x0000023ff62c4e42 sp=0x000000de153fce08 mode 0

Classes loaded (20 events):
Event: 13.120 Loading class javax/management/OperationsException done
Event: 13.120 Loading class javax/management/InstanceNotFoundException done
Event: 13.130 Loading class java/util/jar/JarOutputStream
Event: 13.131 Loading class java/util/jar/JarOutputStream done
Event: 13.237 Loading class java/net/HttpURLConnection
Event: 13.237 Loading class java/net/HttpURLConnection done
Event: 13.240 Loading class java/util/stream/DistinctOps
Event: 13.240 Loading class java/util/stream/DistinctOps done
Event: 13.240 Loading class java/util/stream/DistinctOps$1
Event: 13.241 Loading class java/util/stream/DistinctOps$1 done
Event: 13.243 Loading class java/util/stream/DistinctOps$1$2
Event: 13.243 Loading class java/util/stream/DistinctOps$1$2 done
Event: 13.262 Loading class java/util/jar/JarInputStream
Event: 13.262 Loading class java/util/jar/JarInputStream done
Event: 13.414 Loading class java/io/FileFilter
Event: 13.414 Loading class java/io/FileFilter done
Event: 13.415 Loading class sun/security/util/ManifestEntryVerifier
Event: 13.416 Loading class sun/security/util/ManifestEntryVerifier done
Event: 13.590 Loading class java/nio/file/attribute/FileTime$1
Event: 13.590 Loading class java/nio/file/attribute/FileTime$1 done

Classes unloaded (0 events):
No events

Classes redefined (0 events):
No events

Internal exceptions (20 events):
Event: 10.973 Thread 0x0000023fe68bb110 Exception <a 'sun/nio/fs/WindowsException'{0x0000000704e714e0}> (0x0000000704e714e0) 
thrown [s\open\src\hotspot\share\prims\jni.cpp, line 520]
Event: 10.973 Thread 0x0000023fe68bb110 Exception <a 'sun/nio/fs/WindowsException'{0x0000000704e78930}> (0x0000000704e78930) 
thrown [s\open\src\hotspot\share\prims\jni.cpp, line 520]
Event: 10.974 Thread 0x0000023fe68bb110 Exception <a 'sun/nio/fs/WindowsException'{0x0000000704e8a0f0}> (0x0000000704e8a0f0) 
thrown [s\open\src\hotspot\share\prims\jni.cpp, line 520]
Event: 10.974 Thread 0x0000023fe68bb110 Exception <a 'sun/nio/fs/WindowsException'{0x0000000704e8b0c0}> (0x0000000704e8b0c0) 
thrown [s\open\src\hotspot\share\prims\jni.cpp, line 520]
Event: 10.995 Thread 0x0000023fe68bb110 Exception <a 'sun/nio/fs/WindowsException'{0x0000000704f57b30}> (0x0000000704f57b30) 
thrown [s\open\src\hotspot\share\prims\jni.cpp, line 520]
Event: 10.995 Thread 0x0000023fe68bb110 Exception <a 'sun/nio/fs/WindowsException'{0x0000000704f58220}> (0x0000000704f58220) 
thrown [s\open\src\hotspot\share\prims\jni.cpp, line 520]
Event: 10.995 Thread 0x0000023fe68bb110 Exception <a 'sun/nio/fs/WindowsException'{0x0000000704f58b70}> (0x0000000704f58b70) 
thrown [s\open\src\hotspot\share\prims\jni.cpp, line 520]
Event: 11.012 Thread 0x0000023fe68bb110 Exception <a 'sun/nio/fs/WindowsException'{0x0000000704fa0260}> (0x0000000704fa0260) 
thrown [s\open\src\hotspot\share\prims\jni.cpp, line 520]
Event: 11.012 Thread 0x0000023fe68bb110 Exception <a 'sun/nio/fs/WindowsException'{0x0000000704fa0950}> (0x0000000704fa0950) 
thrown [s\open\src\hotspot\share\prims\jni.cpp, line 520]
Event: 11.013 Thread 0x0000023fe68bb110 Exception <a 'sun/nio/fs/WindowsException'{0x0000000704fa1288}> (0x0000000704fa1288) 
thrown [s\open\src\hotspot\share\prims\jni.cpp, line 520]
Event: 11.013 Thread 0x0000023fe68bb110 Exception <a 'sun/nio/fs/WindowsException'{0x0000000704fa1a18}> (0x0000000704fa1a18) 
thrown [s\open\src\hotspot\share\prims\jni.cpp, line 520]
Event: 11.193 Thread 0x0000023fe68bb110 Implicit null exception at 0x0000023ff6a61284 to 0x0000023ff6a62050
Event: 11.606 Thread 0x0000023fcd7ea040 Exception <a 'java/lang/NoSuchMethodError'{0x0000000706f2c270}: 'java.lang.Object java.lang.invoke.DirectMethodHandle$Holder.invokeStatic(java.lang.Object, long, java.lang.Object)'> (0x0000000706f2c270) 
thrown [s\open\src\hotspot\share\interpreter\linkResolver.cpp, line 773]
Event: 11.607 Thread 0x0000023fcd7ea040 Exception <a 'java/lang/NoSuchMethodError'{0x0000000706f2f628}: 'java.lang.Object java.lang.invoke.DirectMethodHandle$Holder.invokeStaticInit(java.lang.Object, long, java.lang.Object)'> (0x0000000706f2f628) 
thrown [s\open\src\hotspot\share\interpreter\linkResolver.cpp, line 773]
Event: 11.607 Thread 0x0000023fcd7ea040 Exception <a 'java/lang/NoSuchMethodError'{0x0000000706f34a08}: 'java.lang.Object java.lang.invoke.DirectMethodHandle$Holder.newInvokeSpecial(java.lang.Object, long)'> (0x0000000706f34a08) 
thrown [s\open\src\hotspot\share\interpreter\linkResolver.cpp, line 773]
Event: 11.609 Thread 0x0000023fcd7ea040 Exception <a 'java/lang/NoSuchMethodError'{0x0000000706f391f0}: 'long java.lang.invoke.DirectMethodHandle$Holder.invokeInterface(java.lang.Object, java.lang.Object)'> (0x0000000706f391f0) 
thrown [s\open\src\hotspot\share\interpreter\linkResolver.cpp, line 773]
Event: 11.609 Thread 0x0000023fcd7ea040 Exception <a 'java/lang/NoSuchMethodError'{0x0000000706f3c6b8}: 'long java.lang.invoke.DelegatingMethodHandle$Holder.reinvoke_L(java.lang.Object, java.lang.Object)'> (0x0000000706f3c6b8) 
thrown [s\open\src\hotspot\share\interpreter\linkResolver.cpp, line 773]
Event: 12.528 Thread 0x0000023fcdf06740 Implicit null exception at 0x0000023ff6ca098f to 0x0000023ff6ca0b14
Event: 12.529 Thread 0x0000023fcdf06740 Implicit null exception at 0x0000023ff6c9ff2f to 0x0000023ff6ca029c
Event: 13.215 Thread 0x0000023fe68bb110 Exception <a 'java/lang/NoSuchMethodError'{0x0000000705fdf648}: 'void java.lang.invoke.DirectMethodHandle$Holder.invokeStatic(java.lang.Object, java.lang.Object, java.lang.Object, java.lang.Object)'> (0x0000000705fdf648) 
thrown [s\open\src\hotspot\share\interpreter\linkResolver.cpp, line 773]

ZGC Phase Switch (0 events):
No events

VM Operations (20 events):
Event: 12.514 Executing VM operation: HandshakeAllThreads (Deoptimize)
Event: 12.515 Executing VM operation: HandshakeAllThreads (Deoptimize) done
Event: 12.515 Executing VM operation: G1PauseRemark
Event: 12.525 Executing VM operation: G1PauseRemark done
Event: 12.528 Executing VM operation: G1TryInitiateConcMark (G1 Humongous Allocation)
Event: 12.529 Executing VM operation: G1TryInitiateConcMark (G1 Humongous Allocation) done
Event: 12.532 Executing VM operation: G1TryInitiateConcMark (G1 Humongous Allocation)
Event: 12.534 Executing VM operation: G1TryInitiateConcMark (G1 Humongous Allocation) done
Event: 12.536 Executing VM operation: G1TryInitiateConcMark (G1 Humongous Allocation)
Event: 12.536 Executing VM operation: G1TryInitiateConcMark (G1 Humongous Allocation) done
Event: 12.543 Executing VM operation: G1PauseCleanup
Event: 12.543 Executing VM operation: G1PauseCleanup done
Event: 13.130 Executing VM operation: HandshakeAllThreads (Deoptimize)
Event: 13.130 Executing VM operation: HandshakeAllThreads (Deoptimize) done
Event: 13.242 Executing VM operation: HandshakeAllThreads (Deoptimize)
Event: 13.242 Executing VM operation: HandshakeAllThreads (Deoptimize) done
Event: 13.264 Executing VM operation: HandshakeAllThreads (Deoptimize)
Event: 13.264 Executing VM operation: HandshakeAllThreads (Deoptimize) done
Event: 13.515 Executing VM operation: G1CollectForAllocation (G1 Evacuation Pause)
Event: 13.524 Executing VM operation: G1CollectForAllocation (G1 Evacuation Pause) done

Events (20 events):
Event: 12.524 Thread 0x0000023fff2135e0 flushing nmethod 0x0000023fef5ed890
Event: 12.524 Thread 0x0000023fff2135e0 flushing nmethod 0x0000023fef707e10
Event: 12.524 Thread 0x0000023fff2135e0 flushing nmethod 0x0000023fef81a510
Event: 12.524 Thread 0x0000023fff2135e0 flushing nmethod 0x0000023fef81af10
Event: 12.524 Thread 0x0000023fff2135e0 flushing nmethod 0x0000023fef81b490
Event: 12.524 Thread 0x0000023fff2135e0 flushing nmethod 0x0000023fef81b890
Event: 12.524 Thread 0x0000023fff2135e0 flushing nmethod 0x0000023fef81bc10
Event: 12.524 Thread 0x0000023fff2135e0 flushing nmethod 0x0000023fef81c190
Event: 12.524 Thread 0x0000023fff2135e0 flushing nmethod 0x0000023fef81c710
Event: 12.524 Thread 0x0000023fff2135e0 flushing nmethod 0x0000023fef81cc90
Event: 12.524 Thread 0x0000023fff2135e0 flushing nmethod 0x0000023fef81d210
Event: 12.524 Thread 0x0000023fff2135e0 flushing nmethod 0x0000023fef81d790
Event: 12.524 Thread 0x0000023fff2135e0 flushing nmethod 0x0000023fef81fa10
Event: 12.524 Thread 0x0000023fff2135e0 flushing nmethod 0x0000023fef820110
Event: 12.524 Thread 0x0000023fff2135e0 flushing nmethod 0x0000023fef820910
Event: 12.524 Thread 0x0000023fff2135e0 flushing nmethod 0x0000023fef820e90
Event: 12.541 Thread 0x0000023fcdf06740 Thread exited: 0x0000023fcdf06740
Event: 12.541 Thread 0x0000023fcf0dc280 Thread exited: 0x0000023fcf0dc280
Event: 12.542 Thread 0x0000023fcda5edc0 Thread exited: 0x0000023fcda5edc0
Event: 12.541 Thread 0x0000023fce25e040 Thread exited: 0x0000023fce25e040


Dynamic libraries:
0x00007ff6956b0000 - 0x00007ff6956c0000 	C:\Users\Kavitha\Downloads\jdk-21_windows-x64_bin\jdk-21.0.8\bin\java.exe
0x00007ff8651a0000 - 0x00007ff865407000 	C:\Windows\SYSTEM32\ntdll.dll
0x00007ff863060000 - 0x00007ff863129000 	C:\Windows\System32\KERNEL32.DLL
0x00007ff8622d0000 - 0x00007ff8626c0000 	C:\Windows\System32\KERNELBASE.dll
0x00007ff862ba0000 - 0x00007ff862ceb000 	C:\Windows\System32\ucrtbase.dll
0x00007ff842120000 - 0x00007ff842139000 	C:\Users\Kavitha\Downloads\jdk-21_windows-x64_bin\jdk-21.0.8\bin\jli.dll
0x00007ff80f610000 - 0x00007ff80f62b000 	C:\Users\Kavitha\Downloads\jdk-21_windows-x64_bin\jdk-21.0.8\bin\VCRUNTIME140.dll
0x00007ff862fa0000 - 0x00007ff863054000 	C:\Windows\System32\ADVAPI32.dll
0x00007ff8636a0000 - 0x00007ff863749000 	C:\Windows\System32\msvcrt.dll
0x00007ff864740000 - 0x00007ff8647e6000 	C:\Windows\System32\sechost.dll
0x00007ff863350000 - 0x00007ff863468000 	C:\Windows\System32\RPCRT4.dll
0x00007ff864000000 - 0x00007ff8641c5000 	C:\Windows\System32\USER32.dll
0x00007ff862e40000 - 0x00007ff862e67000 	C:\Windows\System32\win32u.dll
0x00007ff862f30000 - 0x00007ff862f5b000 	C:\Windows\System32\GDI32.dll
0x00007ff862a60000 - 0x00007ff862b98000 	C:\Windows\System32\gdi32full.dll
0x00007ff862cf0000 - 0x00007ff862d93000 	C:\Windows\System32\msvcp_win.dll
0x00007ff837fe0000 - 0x00007ff83827a000 	C:\Windows\WinSxS\amd64_microsoft.windows.common-controls_6595b64144ccf1df_6.0.26100.4768_none_3e0c112ce331287c\COMCTL32.dll
0x00007ff854370000 - 0x00007ff85437b000 	C:\Windows\SYSTEM32\VERSION.dll
0x00007ff862f60000 - 0x00007ff862f8f000 	C:\Windows\System32\IMM32.DLL
0x0000023fe4760000 - 0x0000023fe4776000 	C:\Windows\System32\umppc19907.dll
0x0000023fe4790000 - 0x0000023fe47a3000 	C:\Windows\System32\CsXumd64_19907.dll
0x00007ff843ec0000 - 0x00007ff843ecc000 	C:\Users\Kavitha\Downloads\jdk-21_windows-x64_bin\jdk-21.0.8\bin\vcruntime140_1.dll
0x00007ff835720000 - 0x00007ff8357ae000 	C:\Users\Kavitha\Downloads\jdk-21_windows-x64_bin\jdk-21.0.8\bin\msvcp140.dll
0x00007ff818da0000 - 0x00007ff819abd000 	C:\Users\Kavitha\Downloads\jdk-21_windows-x64_bin\jdk-21.0.8\bin\server\jvm.dll
0x00007ff863d90000 - 0x00007ff863e04000 	C:\Windows\System32\WS2_32.dll
0x00007ff862150000 - 0x00007ff8621ae000 	C:\Windows\SYSTEM32\POWRPROF.dll
0x00007ff840630000 - 0x00007ff840665000 	C:\Windows\SYSTEM32\WINMM.dll
0x00007ff862130000 - 0x00007ff862144000 	C:\Windows\SYSTEM32\UMPDC.dll
0x00007ff860ee0000 - 0x00007ff860efb000 	C:\Windows\SYSTEM32\kernel.appcore.dll
0x00007ff840070000 - 0x00007ff84007a000 	C:\Users\Kavitha\Downloads\jdk-21_windows-x64_bin\jdk-21.0.8\bin\jimage.dll
0x00007ff850d40000 - 0x00007ff850f81000 	C:\Windows\SYSTEM32\DBGHELP.DLL
0x00007ff8641e0000 - 0x00007ff864565000 	C:\Windows\System32\combase.dll
0x00007ff8635a0000 - 0x00007ff863680000 	C:\Windows\System32\OLEAUT32.dll
0x00007ff852d20000 - 0x00007ff852d63000 	C:\Windows\SYSTEM32\dbgcore.DLL
0x00007ff862da0000 - 0x00007ff862e39000 	C:\Windows\System32\bcryptPrimitives.dll
0x00007ff835700000 - 0x00007ff83571f000 	C:\Users\Kavitha\Downloads\jdk-21_windows-x64_bin\jdk-21.0.8\bin\java.dll
0x00007ff8647f0000 - 0x00007ff864f3d000 	C:\Windows\System32\SHELL32.dll
0x00007ff8628e0000 - 0x00007ff862a53000 	C:\Windows\System32\wintypes.dll
0x00007ff85fb50000 - 0x00007ff8603b0000 	C:\Windows\SYSTEM32\windows.storage.dll
0x00007ff863250000 - 0x00007ff863345000 	C:\Windows\System32\SHCORE.dll
0x00007ff8646c0000 - 0x00007ff86472a000 	C:\Windows\System32\shlwapi.dll
0x00007ff8621f0000 - 0x00007ff862219000 	C:\Windows\SYSTEM32\profapi.dll
0x00007ff82b0e0000 - 0x00007ff82b1b7000 	C:\Users\Kavitha\Downloads\jdk-21_windows-x64_bin\jdk-21.0.8\bin\jsvml.dll
0x00007ff83db30000 - 0x00007ff83db40000 	C:\Users\Kavitha\Downloads\jdk-21_windows-x64_bin\jdk-21.0.8\bin\net.dll
0x00007ff860f00000 - 0x00007ff86101e000 	C:\Windows\SYSTEM32\WINHTTP.dll
0x00007ff861580000 - 0x00007ff8615eb000 	C:\Windows\system32\mswsock.dll
0x00007ff834180000 - 0x00007ff834196000 	C:\Users\Kavitha\Downloads\jdk-21_windows-x64_bin\jdk-21.0.8\bin\nio.dll
0x00007ff833b50000 - 0x00007ff833b68000 	C:\Users\Kavitha\Downloads\jdk-21_windows-x64_bin\jdk-21.0.8\bin\zip.dll
0x00007ff82cf80000 - 0x00007ff82cfa4000 	C:\Users\Kavitha\Downloads\apache-maven-3.9.11-bin\apache-maven-3.9.11\lib\jansi-native\Windows\x86_64\jansi.dll
0x00007ff83d990000 - 0x00007ff83d9a0000 	C:\Users\Kavitha\Downloads\jdk-21_windows-x64_bin\jdk-21.0.8\bin\verify.dll
0x00007ff861140000 - 0x00007ff861176000 	C:\Windows\SYSTEM32\ntmarta.dll

dbghelp: loaded successfully - version: 4.0.5 - missing functions: none
symbol engine: initialized successfully - sym options: 0x614 - pdb path: .;C:\Users\Kavitha\Downloads\jdk-21_windows-x64_bin\jdk-21.0.8\bin;C:\Windows\SYSTEM32;C:\Windows\WinSxS\amd64_microsoft.windows.common-controls_6595b64144ccf1df_6.0.26100.4768_none_3e0c112ce331287c;C:\Users\Kavitha\Downloads\jdk-21_windows-x64_bin\jdk-21.0.8\bin\server;C:\Users\Kavitha\Downloads\apache-maven-3.9.11-bin\apache-maven-3.9.11\lib\jansi-native\Windows\x86_64

VM Arguments:
jvm_args: --enable-native-access=ALL-UNNAMED -Dclassworlds.conf=C:\Users\Kavitha\Downloads\apache-maven-3.9.11-bin\apache-maven-3.9.11\bin\m2.conf -Dmaven.home=C:\Users\Kavitha\Downloads\apache-maven-3.9.11-bin\apache-maven-3.9.11 -Dlibrary.jansi.path=C:\Users\Kavitha\Downloads\apache-maven-3.9.11-bin\apache-maven-3.9.11\lib\jansi-native -Dmaven.multiModuleProjectDirectory=C:\Users\Kavitha\workspace\SnykFixForJavaProject\restAPISynk 
java_command: org.codehaus.plexus.classworlds.launcher.Launcher -U clean install
java_class_path (initial): C:\Users\Kavitha\Downloads\apache-maven-3.9.11-bin\apache-maven-3.9.11\boot\plexus-classworlds-2.9.0.jar
Launcher Type: SUN_STANDARD

[Global flags]
     intx CICompilerCount                          = 3                                         {product} {ergonomic}
     uint ConcGCThreads                            = 1                                         {product} {ergonomic}
     uint G1ConcRefinementThreads                  = 4                                         {product} {ergonomic}
   size_t G1HeapRegionSize                         = 2097152                                   {product} {ergonomic}
    uintx GCDrainStackTargetSize                   = 64                                        {product} {ergonomic}
   size_t InitialHeapSize                          = 268435456                                 {product} {ergonomic}
   size_t MarkStackSize                            = 4194304                                   {product} {ergonomic}
   size_t MaxHeapSize                              = 4282384384                                {product} {ergonomic}
   size_t MaxNewSize                               = 2569011200                                {product} {ergonomic}
   size_t MinHeapDeltaBytes                        = 2097152                                   {product} {ergonomic}
   size_t MinHeapSize                              = 8388608                                   {product} {ergonomic}
    uintx NonNMethodCodeHeapSize                   = 5832780                                {pd product} {ergonomic}
    uintx NonProfiledCodeHeapSize                  = 122912730                              {pd product} {ergonomic}
    uintx ProfiledCodeHeapSize                     = 122912730                              {pd product} {ergonomic}
    uintx ReservedCodeCacheSize                    = 251658240                              {pd product} {ergonomic}
     bool SegmentedCodeCache                       = true                                      {product} {ergonomic}
   size_t SoftMaxHeapSize                          = 4282384384                             {manageable} {ergonomic}
     bool UseCompressedOops                        = true                           {product lp64_product} {ergonomic}
     bool UseG1GC                                  = true                                      {product} {ergonomic}
     bool UseLargePagesIndividualAllocation        = false                                  {pd product} {ergonomic}

Logging:
Log output configuration:
 #0: stdout all=warning uptime,level,tags foldmultilines=false
 #1: stderr all=off uptime,level,tags foldmultilines=false

Environment Variables:
JAVA_HOME=C:\Users\Kavitha\Downloads\jdk-21_windows-x64_bin\jdk-21.0.8
PATH=C:\Users\Kavitha\Downloads\jdk-21_windows-x64_bin\jdk-21.0.8\bin;C:\Windows\System32\bin;C:\Windows\System32
USERNAME=Kavitha
LANG=en_US.UTF-8
OS=Windows_NT
PROCESSOR_IDENTIFIER=AMD64 Family 25 Model 1 Stepping 1, AuthenticAMD
TMP=C:\Users\Kavitha\AppData\Local\Temp
TEMP=C:\Users\Kavitha\AppData\Local\Temp




Periodic native trim disabled

---------------  S Y S T E M  ---------------

OS:
 Windows 11 , 64 bit Build 26100 (10.0.26100.4768)
OS uptime: 25 days 16:41 hours
Hyper-V virtualization detected

CPU: total 4 (initial active 4) (16 cores per cpu, 2 threads per core) family 25 model 1 stepping 1 microcode 0xffffffff, cx8, cmov, fxsr, ht, mmx, 3dnowpref, sse, sse2, sse3, ssse3, sse4a, sse4.1, sse4.2, popcnt, lzcnt, tsc, tscinvbit, avx, avx2, aes, erms, clmul, bmi1, bmi2, adx, sha, fma, vzeroupper, clflush, clflushopt, hv, rdtscp, rdpid, fsrm, f16c, cet_ss
Processor Information for all 4 processors :
  Max Mhz: 2445, Current Mhz: 2445, Mhz Limit: 2445

Memory: 4k page, system-wide physical 16332M (704M free)
TotalPageFile size 32518M (AvailPageFile size 11M)
current process WorkingSet (physical memory assigned to process): 399M, peak: 401M
current process commit charge ("private bytes"): 426M, peak: 427M

vm_info: Java HotSpot(TM) 64-Bit Server VM (21.0.8+12-LTS-250) for windows-amd64 JRE (21.0.8+12-LTS-250), built on 2025-06-27T08:11:22Z by "mach5one" with MS VC++ 17.6 (VS2022)

END.
