#
# There is insufficient memory for the Java Runtime Environment to continue.
# Native memory allocation (malloc) failed to allocate 32744 bytes for Chunk::new
# Possible reasons:
#   The system is out of physical RAM or swap space
#   The process is running with CompressedOops enabled, and the Java Heap may be blocking the growth of the native heap
# Possible solutions:
#   Reduce memory load on the system
#   Increase physical memory or swap space
#   Check if swap backing store is full
#   Decrease Java heap size (-Xmx/-Xms)
#   Decrease number of Java threads
#   Decrease Java thread stack sizes (-Xss)
#   Set larger code cache with -XX:ReservedCodeCacheSize=
#   JVM is running with Zero Based Compressed Oops mode in which the Java heap is
#     placed in the first 32GB address space. The Java Heap base address is the
#     maximum limit for the native heap growth. Please use -XX:HeapBaseMinAddress
#     to set the Java Heap base and to place the Java Heap above 32GB virtual address.
# This output file may be truncated or incomplete.
#
#  Out of Memory Error (arena.cpp:168), pid=16016, tid=26376
#
# JRE version: Java(TM) SE Runtime Environment (21.0.8+12) (build 21.0.8+12-LTS-250)
# Java VM: Java HotSpot(TM) 64-Bit Server VM (21.0.8+12-LTS-250, mixed mode, sharing, tiered, compressed oops, compressed class ptrs, g1 gc, windows-amd64)
# No core dump will be written. Minidumps are not enabled by default on client versions of Windows
#

---------------  S U M M A R Y ------------

Command Line: --enable-native-access=ALL-UNNAMED -Dclassworlds.conf=C:\Users\Kavitha\Downloads\apache-maven-3.9.11-bin\apache-maven-3.9.11\bin\m2.conf -Dmaven.home=C:\Users\Kavitha\Downloads\apache-maven-3.9.11-bin\apache-maven-3.9.11 -Dlibrary.jansi.path=C:\Users\Kavitha\Downloads\apache-maven-3.9.11-bin\apache-maven-3.9.11\lib\jansi-native -Dmaven.multiModuleProjectDirectory=C:\Users\Kavitha\workspace\SnykFixForJavaProject\restAPISynk org.codehaus.plexus.classworlds.launcher.Launcher -U clean install

Host: AMD EPYC 7763 64-Core Processor                , 4 cores, 15G,  Windows 11 , 64 bit Build 26100 (10.0.26100.4768)
Time: Fri Sep 12 07:13:07 2025 Coordinated Universal Time elapsed time: 1.224069 seconds (0d 0h 0m 1s)

---------------  T H R E A D  ---------------

Current thread (0x00000159cc82adc0):  JavaThread "C1 CompilerThread0" daemon [_thread_in_native, id=26376, stack(0x0000000fc4f00000,0x0000000fc5000000) (1024K)]


Current CompileTask:
C1:   1224  750       3       java.net.URLStreamHandler::parseURL (1124 bytes)

Stack: [0x0000000fc4f00000,0x0000000fc5000000]
Native frames: (J=compiled Java code, j=interpreted, Vv=VM code, C=native code)
V  [jvm.dll+0x6cc179]
V  [jvm.dll+0x8584c1]
V  [jvm.dll+0x85a9ee]
V  [jvm.dll+0x85b0c3]
V  [jvm.dll+0x27ebf6]
V  [jvm.dll+0xc4f4d]
V  [jvm.dll+0xc5483]
V  [jvm.dll+0xbc80d]
V  [jvm.dll+0x1901c6]
V  [jvm.dll+0x17d30e]
V  [jvm.dll+0x16b4d0]
V  [jvm.dll+0x1542d7]
V  [jvm.dll+0x153ba8]
V  [jvm.dll+0x153df4]
V  [jvm.dll+0x153226]
V  [jvm.dll+0x154ffd]
V  [jvm.dll+0x256359]
V  [jvm.dll+0x2548ea]
V  [jvm.dll+0x3efef6]
V  [jvm.dll+0x80279b]
V  [jvm.dll+0x6ca85d]
C  [ucrtbase.dll+0x37b0]
C  [KERNEL32.DLL+0x2e8d7]
C  [ntdll.dll+0x3c34c]


---------------  P R O C E S S  ---------------

Threads class SMR info:
_java_thread_list=0x00000159ccaa6cf0, length=11, elements={
0x00000159ad77b110, 0x00000159cc8012f0, 0x00000159cc801a50, 0x00000159cc805e00,
0x00000159cc808970, 0x00000159cc80cfe0, 0x00000159cc80d640, 0x00000159cc80efe0,
0x00000159cc82adc0, 0x00000159cca6ec70, 0x00000159cca746d0
}

Java Threads: ( => current thread )
  0x00000159ad77b110 JavaThread "main"                              [_thread_in_Java, id=18460, stack(0x0000000fc4000000,0x0000000fc4100000) (1024K)]
  0x00000159cc8012f0 JavaThread "Reference Handler"          daemon [_thread_blocked, id=5548, stack(0x0000000fc4800000,0x0000000fc4900000) (1024K)]
  0x00000159cc801a50 JavaThread "Finalizer"                  daemon [_thread_blocked, id=15756, stack(0x0000000fc4900000,0x0000000fc4a00000) (1024K)]
  0x00000159cc805e00 JavaThread "Signal Dispatcher"          daemon [_thread_blocked, id=25448, stack(0x0000000fc4a00000,0x0000000fc4b00000) (1024K)]
  0x00000159cc808970 JavaThread "Attach Listener"            daemon [_thread_blocked, id=1332, stack(0x0000000fc4b00000,0x0000000fc4c00000) (1024K)]
  0x00000159cc80cfe0 JavaThread "Service Thread"             daemon [_thread_blocked, id=21596, stack(0x0000000fc4c00000,0x0000000fc4d00000) (1024K)]
  0x00000159cc80d640 JavaThread "Monitor Deflation Thread"   daemon [_thread_blocked, id=26668, stack(0x0000000fc4d00000,0x0000000fc4e00000) (1024K)]
  0x00000159cc80efe0 JavaThread "C2 CompilerThread0"         daemon [_thread_blocked, id=11560, stack(0x0000000fc4e00000,0x0000000fc4f00000) (1024K)]
=>0x00000159cc82adc0 JavaThread "C1 CompilerThread0"         daemon [_thread_in_native, id=26376, stack(0x0000000fc4f00000,0x0000000fc5000000) (1024K)]
  0x00000159cca6ec70 JavaThread "Notification Thread"        daemon [_thread_blocked, id=6692, stack(0x0000000fc5000000,0x0000000fc5100000) (1024K)]
  0x00000159cca746d0 JavaThread "Common-Cleaner"             daemon [_thread_blocked, id=11528, stack(0x0000000fc5100000,0x0000000fc5200000) (1024K)]
Total: 11

Other Threads:
  0x00000159cc7e58b0 VMThread "VM Thread"                           [id=2448, stack(0x0000000fc4700000,0x0000000fc4800000) (1024K)]
  0x00000159cc7d3cd0 WatcherThread "VM Periodic Task Thread"        [id=25440, stack(0x0000000fc4600000,0x0000000fc4700000) (1024K)]
  0x00000159ad7dbed0 WorkerThread "GC Thread#0"                     [id=18268, stack(0x0000000fc4100000,0x0000000fc4200000) (1024K)]
  0x00000159ad7ecf50 ConcurrentGCThread "G1 Main Marker"            [id=22852, stack(0x0000000fc4200000,0x0000000fc4300000) (1024K)]
  0x00000159ad7efdc0 WorkerThread "G1 Conc#0"                       [id=26568, stack(0x0000000fc4300000,0x0000000fc4400000) (1024K)]
  0x00000159ad82e750 ConcurrentGCThread "G1 Refine#0"               [id=13276, stack(0x0000000fc4400000,0x0000000fc4500000) (1024K)]
  0x00000159cc690160 ConcurrentGCThread "G1 Service"                [id=10332, stack(0x0000000fc4500000,0x0000000fc4600000) (1024K)]
Total: 7

Threads with active compile tasks:
C1 CompilerThread0     1276  750       3       java.net.URLStreamHandler::parseURL (1124 bytes)
Total: 1

VM state: not at safepoint (normal execution)

VM Mutex/Monitor currently owned by a thread: None

Heap address: 0x0000000700c00000, size: 4084 MB, Compressed Oops mode: Zero based, Oop shift amount: 3

CDS archive(s) mapped at: [0x00000159cd000000-0x00000159cdc90000-0x00000159cdc90000), size 13172736, SharedBaseAddress: 0x00000159cd000000, ArchiveRelocationMode: 1.
Compressed class space mapped at: 0x00000159ce000000-0x0000015a0e000000, reserved size: 1073741824
Narrow klass base: 0x00000159cd000000, Narrow klass shift: 0, Narrow klass range: 0x100000000

GC Precious Log:
 CardTable entry size: 512
 Card Set container configuration: InlinePtr #cards 4 size 8 Array Of Cards #cards 16 size 48 Howl #buckets 8 coarsen threshold 3686 Howl Bitmap #cards 512 size 80 coarsen threshold 460 Card regions per heap region 1 cards per card region 4096
 CPUs: 4 total, 4 available
 Memory: 16332M
 Large Page Support: Disabled
 NUMA Support: Disabled
 Compressed Oops: Enabled (Zero based)
 Heap Region Size: 2M
 Heap Min Capacity: 8M
 Heap Initial Capacity: 256M
 Heap Max Capacity: 4084M
 Pre-touch: Disabled
 Parallel Workers: 4
 Concurrent Workers: 1
 Concurrent Refinement Workers: 4
 Periodic GC: Disabled

Heap:
 garbage-first heap   total 262144K, used 8192K [0x0000000700c00000, 0x0000000800000000)
  region size 2048K, 6 young (12288K), 0 survivors (0K)
 Metaspace       used 2959K, committed 3136K, reserved 1114112K
  class space    used 304K, committed 384K, reserved 1048576K

Heap Regions: E=young(eden), S=young(survivor), O=old, HS=humongous(starts), HC=humongous(continues), CS=collection set, F=free, TAMS=top-at-mark-start, PB=parsable bottom
|   0|0x0000000700c00000, 0x0000000700c00000, 0x0000000700e00000|  0%| F|  |TAMS 0x0000000700c00000| PB 0x0000000700c00000| Untracked 
|   1|0x0000000700e00000, 0x0000000700e00000, 0x0000000701000000|  0%| F|  |TAMS 0x0000000700e00000| PB 0x0000000700e00000| Untracked 
|   2|0x0000000701000000, 0x0000000701000000, 0x0000000701200000|  0%| F|  |TAMS 0x0000000701000000| PB 0x0000000701000000| Untracked 
|   3|0x0000000701200000, 0x0000000701200000, 0x0000000701400000|  0%| F|  |TAMS 0x0000000701200000| PB 0x0000000701200000| Untracked 
|   4|0x0000000701400000, 0x0000000701400000, 0x0000000701600000|  0%| F|  |TAMS 0x0000000701400000| PB 0x0000000701400000| Untracked 
|   5|0x0000000701600000, 0x0000000701600000, 0x0000000701800000|  0%| F|  |TAMS 0x0000000701600000| PB 0x0000000701600000| Untracked 
|   6|0x0000000701800000, 0x0000000701800000, 0x0000000701a00000|  0%| F|  |TAMS 0x0000000701800000| PB 0x0000000701800000| Untracked 
|   7|0x0000000701a00000, 0x0000000701a00000, 0x0000000701c00000|  0%| F|  |TAMS 0x0000000701a00000| PB 0x0000000701a00000| Untracked 
|   8|0x0000000701c00000, 0x0000000701c00000, 0x0000000701e00000|  0%| F|  |TAMS 0x0000000701c00000| PB 0x0000000701c00000| Untracked 
|   9|0x0000000701e00000, 0x0000000701e00000, 0x0000000702000000|  0%| F|  |TAMS 0x0000000701e00000| PB 0x0000000701e00000| Untracked 
|  10|0x0000000702000000, 0x0000000702000000, 0x0000000702200000|  0%| F|  |TAMS 0x0000000702000000| PB 0x0000000702000000| Untracked 
|  11|0x0000000702200000, 0x0000000702200000, 0x0000000702400000|  0%| F|  |TAMS 0x0000000702200000| PB 0x0000000702200000| Untracked 
|  12|0x0000000702400000, 0x0000000702400000, 0x0000000702600000|  0%| F|  |TAMS 0x0000000702400000| PB 0x0000000702400000| Untracked 
|  13|0x0000000702600000, 0x0000000702600000, 0x0000000702800000|  0%| F|  |TAMS 0x0000000702600000| PB 0x0000000702600000| Untracked 
|  14|0x0000000702800000, 0x0000000702800000, 0x0000000702a00000|  0%| F|  |TAMS 0x0000000702800000| PB 0x0000000702800000| Untracked 
|  15|0x0000000702a00000, 0x0000000702a00000, 0x0000000702c00000|  0%| F|  |TAMS 0x0000000702a00000| PB 0x0000000702a00000| Untracked 
|  16|0x0000000702c00000, 0x0000000702c00000, 0x0000000702e00000|  0%| F|  |TAMS 0x0000000702c00000| PB 0x0000000702c00000| Untracked 
|  17|0x0000000702e00000, 0x0000000702e00000, 0x0000000703000000|  0%| F|  |TAMS 0x0000000702e00000| PB 0x0000000702e00000| Untracked 
|  18|0x0000000703000000, 0x0000000703000000, 0x0000000703200000|  0%| F|  |TAMS 0x0000000703000000| PB 0x0000000703000000| Untracked 
|  19|0x0000000703200000, 0x0000000703200000, 0x0000000703400000|  0%| F|  |TAMS 0x0000000703200000| PB 0x0000000703200000| Untracked 
|  20|0x0000000703400000, 0x0000000703400000, 0x0000000703600000|  0%| F|  |TAMS 0x0000000703400000| PB 0x0000000703400000| Untracked 
|  21|0x0000000703600000, 0x0000000703600000, 0x0000000703800000|  0%| F|  |TAMS 0x0000000703600000| PB 0x0000000703600000| Untracked 
|  22|0x0000000703800000, 0x0000000703800000, 0x0000000703a00000|  0%| F|  |TAMS 0x0000000703800000| PB 0x0000000703800000| Untracked 
|  23|0x0000000703a00000, 0x0000000703a00000, 0x0000000703c00000|  0%| F|  |TAMS 0x0000000703a00000| PB 0x0000000703a00000| Untracked 
|  24|0x0000000703c00000, 0x0000000703c00000, 0x0000000703e00000|  0%| F|  |TAMS 0x0000000703c00000| PB 0x0000000703c00000| Untracked 
|  25|0x0000000703e00000, 0x0000000703e00000, 0x0000000704000000|  0%| F|  |TAMS 0x0000000703e00000| PB 0x0000000703e00000| Untracked 
|  26|0x0000000704000000, 0x0000000704000000, 0x0000000704200000|  0%| F|  |TAMS 0x0000000704000000| PB 0x0000000704000000| Untracked 
|  27|0x0000000704200000, 0x0000000704200000, 0x0000000704400000|  0%| F|  |TAMS 0x0000000704200000| PB 0x0000000704200000| Untracked 
|  28|0x0000000704400000, 0x0000000704400000, 0x0000000704600000|  0%| F|  |TAMS 0x0000000704400000| PB 0x0000000704400000| Untracked 
|  29|0x0000000704600000, 0x0000000704600000, 0x0000000704800000|  0%| F|  |TAMS 0x0000000704600000| PB 0x0000000704600000| Untracked 
|  30|0x0000000704800000, 0x0000000704800000, 0x0000000704a00000|  0%| F|  |TAMS 0x0000000704800000| PB 0x0000000704800000| Untracked 
|  31|0x0000000704a00000, 0x0000000704a00000, 0x0000000704c00000|  0%| F|  |TAMS 0x0000000704a00000| PB 0x0000000704a00000| Untracked 
|  32|0x0000000704c00000, 0x0000000704c00000, 0x0000000704e00000|  0%| F|  |TAMS 0x0000000704c00000| PB 0x0000000704c00000| Untracked 
|  33|0x0000000704e00000, 0x0000000704e00000, 0x0000000705000000|  0%| F|  |TAMS 0x0000000704e00000| PB 0x0000000704e00000| Untracked 
|  34|0x0000000705000000, 0x0000000705000000, 0x0000000705200000|  0%| F|  |TAMS 0x0000000705000000| PB 0x0000000705000000| Untracked 
|  35|0x0000000705200000, 0x0000000705200000, 0x0000000705400000|  0%| F|  |TAMS 0x0000000705200000| PB 0x0000000705200000| Untracked 
|  36|0x0000000705400000, 0x0000000705400000, 0x0000000705600000|  0%| F|  |TAMS 0x0000000705400000| PB 0x0000000705400000| Untracked 
|  37|0x0000000705600000, 0x0000000705600000, 0x0000000705800000|  0%| F|  |TAMS 0x0000000705600000| PB 0x0000000705600000| Untracked 
|  38|0x0000000705800000, 0x0000000705800000, 0x0000000705a00000|  0%| F|  |TAMS 0x0000000705800000| PB 0x0000000705800000| Untracked 
|  39|0x0000000705a00000, 0x0000000705a00000, 0x0000000705c00000|  0%| F|  |TAMS 0x0000000705a00000| PB 0x0000000705a00000| Untracked 
|  40|0x0000000705c00000, 0x0000000705c00000, 0x0000000705e00000|  0%| F|  |TAMS 0x0000000705c00000| PB 0x0000000705c00000| Untracked 
|  41|0x0000000705e00000, 0x0000000705e00000, 0x0000000706000000|  0%| F|  |TAMS 0x0000000705e00000| PB 0x0000000705e00000| Untracked 
|  42|0x0000000706000000, 0x0000000706000000, 0x0000000706200000|  0%| F|  |TAMS 0x0000000706000000| PB 0x0000000706000000| Untracked 
|  43|0x0000000706200000, 0x0000000706200000, 0x0000000706400000|  0%| F|  |TAMS 0x0000000706200000| PB 0x0000000706200000| Untracked 
|  44|0x0000000706400000, 0x0000000706400000, 0x0000000706600000|  0%| F|  |TAMS 0x0000000706400000| PB 0x0000000706400000| Untracked 
|  45|0x0000000706600000, 0x0000000706600000, 0x0000000706800000|  0%| F|  |TAMS 0x0000000706600000| PB 0x0000000706600000| Untracked 
|  46|0x0000000706800000, 0x0000000706800000, 0x0000000706a00000|  0%| F|  |TAMS 0x0000000706800000| PB 0x0000000706800000| Untracked 
|  47|0x0000000706a00000, 0x0000000706a00000, 0x0000000706c00000|  0%| F|  |TAMS 0x0000000706a00000| PB 0x0000000706a00000| Untracked 
|  48|0x0000000706c00000, 0x0000000706c00000, 0x0000000706e00000|  0%| F|  |TAMS 0x0000000706c00000| PB 0x0000000706c00000| Untracked 
|  49|0x0000000706e00000, 0x0000000706e00000, 0x0000000707000000|  0%| F|  |TAMS 0x0000000706e00000| PB 0x0000000706e00000| Untracked 
|  50|0x0000000707000000, 0x0000000707000000, 0x0000000707200000|  0%| F|  |TAMS 0x0000000707000000| PB 0x0000000707000000| Untracked 
|  51|0x0000000707200000, 0x0000000707200000, 0x0000000707400000|  0%| F|  |TAMS 0x0000000707200000| PB 0x0000000707200000| Untracked 
|  52|0x0000000707400000, 0x0000000707400000, 0x0000000707600000|  0%| F|  |TAMS 0x0000000707400000| PB 0x0000000707400000| Untracked 
|  53|0x0000000707600000, 0x0000000707600000, 0x0000000707800000|  0%| F|  |TAMS 0x0000000707600000| PB 0x0000000707600000| Untracked 
|  54|0x0000000707800000, 0x0000000707800000, 0x0000000707a00000|  0%| F|  |TAMS 0x0000000707800000| PB 0x0000000707800000| Untracked 
|  55|0x0000000707a00000, 0x0000000707a00000, 0x0000000707c00000|  0%| F|  |TAMS 0x0000000707a00000| PB 0x0000000707a00000| Untracked 
|  56|0x0000000707c00000, 0x0000000707c00000, 0x0000000707e00000|  0%| F|  |TAMS 0x0000000707c00000| PB 0x0000000707c00000| Untracked 
|  57|0x0000000707e00000, 0x0000000707e00000, 0x0000000708000000|  0%| F|  |TAMS 0x0000000707e00000| PB 0x0000000707e00000| Untracked 
|  58|0x0000000708000000, 0x0000000708000000, 0x0000000708200000|  0%| F|  |TAMS 0x0000000708000000| PB 0x0000000708000000| Untracked 
|  59|0x0000000708200000, 0x0000000708200000, 0x0000000708400000|  0%| F|  |TAMS 0x0000000708200000| PB 0x0000000708200000| Untracked 
|  60|0x0000000708400000, 0x0000000708400000, 0x0000000708600000|  0%| F|  |TAMS 0x0000000708400000| PB 0x0000000708400000| Untracked 
|  61|0x0000000708600000, 0x0000000708600000, 0x0000000708800000|  0%| F|  |TAMS 0x0000000708600000| PB 0x0000000708600000| Untracked 
|  62|0x0000000708800000, 0x0000000708800000, 0x0000000708a00000|  0%| F|  |TAMS 0x0000000708800000| PB 0x0000000708800000| Untracked 
|  63|0x0000000708a00000, 0x0000000708a00000, 0x0000000708c00000|  0%| F|  |TAMS 0x0000000708a00000| PB 0x0000000708a00000| Untracked 
|  64|0x0000000708c00000, 0x0000000708c00000, 0x0000000708e00000|  0%| F|  |TAMS 0x0000000708c00000| PB 0x0000000708c00000| Untracked 
|  65|0x0000000708e00000, 0x0000000708e00000, 0x0000000709000000|  0%| F|  |TAMS 0x0000000708e00000| PB 0x0000000708e00000| Untracked 
|  66|0x0000000709000000, 0x0000000709000000, 0x0000000709200000|  0%| F|  |TAMS 0x0000000709000000| PB 0x0000000709000000| Untracked 
|  67|0x0000000709200000, 0x0000000709200000, 0x0000000709400000|  0%| F|  |TAMS 0x0000000709200000| PB 0x0000000709200000| Untracked 
|  68|0x0000000709400000, 0x0000000709400000, 0x0000000709600000|  0%| F|  |TAMS 0x0000000709400000| PB 0x0000000709400000| Untracked 
|  69|0x0000000709600000, 0x0000000709600000, 0x0000000709800000|  0%| F|  |TAMS 0x0000000709600000| PB 0x0000000709600000| Untracked 
|  70|0x0000000709800000, 0x0000000709800000, 0x0000000709a00000|  0%| F|  |TAMS 0x0000000709800000| PB 0x0000000709800000| Untracked 
|  71|0x0000000709a00000, 0x0000000709a00000, 0x0000000709c00000|  0%| F|  |TAMS 0x0000000709a00000| PB 0x0000000709a00000| Untracked 
|  72|0x0000000709c00000, 0x0000000709c00000, 0x0000000709e00000|  0%| F|  |TAMS 0x0000000709c00000| PB 0x0000000709c00000| Untracked 
|  73|0x0000000709e00000, 0x0000000709e00000, 0x000000070a000000|  0%| F|  |TAMS 0x0000000709e00000| PB 0x0000000709e00000| Untracked 
|  74|0x000000070a000000, 0x000000070a000000, 0x000000070a200000|  0%| F|  |TAMS 0x000000070a000000| PB 0x000000070a000000| Untracked 
|  75|0x000000070a200000, 0x000000070a200000, 0x000000070a400000|  0%| F|  |TAMS 0x000000070a200000| PB 0x000000070a200000| Untracked 
|  76|0x000000070a400000, 0x000000070a400000, 0x000000070a600000|  0%| F|  |TAMS 0x000000070a400000| PB 0x000000070a400000| Untracked 
|  77|0x000000070a600000, 0x000000070a600000, 0x000000070a800000|  0%| F|  |TAMS 0x000000070a600000| PB 0x000000070a600000| Untracked 
|  78|0x000000070a800000, 0x000000070a800000, 0x000000070aa00000|  0%| F|  |TAMS 0x000000070a800000| PB 0x000000070a800000| Untracked 
|  79|0x000000070aa00000, 0x000000070aa00000, 0x000000070ac00000|  0%| F|  |TAMS 0x000000070aa00000| PB 0x000000070aa00000| Untracked 
|  80|0x000000070ac00000, 0x000000070ac00000, 0x000000070ae00000|  0%| F|  |TAMS 0x000000070ac00000| PB 0x000000070ac00000| Untracked 
|  81|0x000000070ae00000, 0x000000070ae00000, 0x000000070b000000|  0%| F|  |TAMS 0x000000070ae00000| PB 0x000000070ae00000| Untracked 
|  82|0x000000070b000000, 0x000000070b000000, 0x000000070b200000|  0%| F|  |TAMS 0x000000070b000000| PB 0x000000070b000000| Untracked 
|  83|0x000000070b200000, 0x000000070b200000, 0x000000070b400000|  0%| F|  |TAMS 0x000000070b200000| PB 0x000000070b200000| Untracked 
|  84|0x000000070b400000, 0x000000070b400000, 0x000000070b600000|  0%| F|  |TAMS 0x000000070b400000| PB 0x000000070b400000| Untracked 
|  85|0x000000070b600000, 0x000000070b600000, 0x000000070b800000|  0%| F|  |TAMS 0x000000070b600000| PB 0x000000070b600000| Untracked 
|  86|0x000000070b800000, 0x000000070b800000, 0x000000070ba00000|  0%| F|  |TAMS 0x000000070b800000| PB 0x000000070b800000| Untracked 
|  87|0x000000070ba00000, 0x000000070ba00000, 0x000000070bc00000|  0%| F|  |TAMS 0x000000070ba00000| PB 0x000000070ba00000| Untracked 
|  88|0x000000070bc00000, 0x000000070bc00000, 0x000000070be00000|  0%| F|  |TAMS 0x000000070bc00000| PB 0x000000070bc00000| Untracked 
|  89|0x000000070be00000, 0x000000070be00000, 0x000000070c000000|  0%| F|  |TAMS 0x000000070be00000| PB 0x000000070be00000| Untracked 
|  90|0x000000070c000000, 0x000000070c000000, 0x000000070c200000|  0%| F|  |TAMS 0x000000070c000000| PB 0x000000070c000000| Untracked 
|  91|0x000000070c200000, 0x000000070c200000, 0x000000070c400000|  0%| F|  |TAMS 0x000000070c200000| PB 0x000000070c200000| Untracked 
|  92|0x000000070c400000, 0x000000070c400000, 0x000000070c600000|  0%| F|  |TAMS 0x000000070c400000| PB 0x000000070c400000| Untracked 
|  93|0x000000070c600000, 0x000000070c600000, 0x000000070c800000|  0%| F|  |TAMS 0x000000070c600000| PB 0x000000070c600000| Untracked 
|  94|0x000000070c800000, 0x000000070c800000, 0x000000070ca00000|  0%| F|  |TAMS 0x000000070c800000| PB 0x000000070c800000| Untracked 
|  95|0x000000070ca00000, 0x000000070ca00000, 0x000000070cc00000|  0%| F|  |TAMS 0x000000070ca00000| PB 0x000000070ca00000| Untracked 
|  96|0x000000070cc00000, 0x000000070cc00000, 0x000000070ce00000|  0%| F|  |TAMS 0x000000070cc00000| PB 0x000000070cc00000| Untracked 
|  97|0x000000070ce00000, 0x000000070ce00000, 0x000000070d000000|  0%| F|  |TAMS 0x000000070ce00000| PB 0x000000070ce00000| Untracked 
|  98|0x000000070d000000, 0x000000070d000000, 0x000000070d200000|  0%| F|  |TAMS 0x000000070d000000| PB 0x000000070d000000| Untracked 
|  99|0x000000070d200000, 0x000000070d200000, 0x000000070d400000|  0%| F|  |TAMS 0x000000070d200000| PB 0x000000070d200000| Untracked 
| 100|0x000000070d400000, 0x000000070d400000, 0x000000070d600000|  0%| F|  |TAMS 0x000000070d400000| PB 0x000000070d400000| Untracked 
| 101|0x000000070d600000, 0x000000070d600000, 0x000000070d800000|  0%| F|  |TAMS 0x000000070d600000| PB 0x000000070d600000| Untracked 
| 102|0x000000070d800000, 0x000000070d800000, 0x000000070da00000|  0%| F|  |TAMS 0x000000070d800000| PB 0x000000070d800000| Untracked 
| 103|0x000000070da00000, 0x000000070da00000, 0x000000070dc00000|  0%| F|  |TAMS 0x000000070da00000| PB 0x000000070da00000| Untracked 
| 104|0x000000070dc00000, 0x000000070dc00000, 0x000000070de00000|  0%| F|  |TAMS 0x000000070dc00000| PB 0x000000070dc00000| Untracked 
| 105|0x000000070de00000, 0x000000070de00000, 0x000000070e000000|  0%| F|  |TAMS 0x000000070de00000| PB 0x000000070de00000| Untracked 
| 106|0x000000070e000000, 0x000000070e000000, 0x000000070e200000|  0%| F|  |TAMS 0x000000070e000000| PB 0x000000070e000000| Untracked 
| 107|0x000000070e200000, 0x000000070e200000, 0x000000070e400000|  0%| F|  |TAMS 0x000000070e200000| PB 0x000000070e200000| Untracked 
| 108|0x000000070e400000, 0x000000070e400000, 0x000000070e600000|  0%| F|  |TAMS 0x000000070e400000| PB 0x000000070e400000| Untracked 
| 109|0x000000070e600000, 0x000000070e600000, 0x000000070e800000|  0%| F|  |TAMS 0x000000070e600000| PB 0x000000070e600000| Untracked 
| 110|0x000000070e800000, 0x000000070e800000, 0x000000070ea00000|  0%| F|  |TAMS 0x000000070e800000| PB 0x000000070e800000| Untracked 
| 111|0x000000070ea00000, 0x000000070ea00000, 0x000000070ec00000|  0%| F|  |TAMS 0x000000070ea00000| PB 0x000000070ea00000| Untracked 
| 112|0x000000070ec00000, 0x000000070ec00000, 0x000000070ee00000|  0%| F|  |TAMS 0x000000070ec00000| PB 0x000000070ec00000| Untracked 
| 113|0x000000070ee00000, 0x000000070ee00000, 0x000000070f000000|  0%| F|  |TAMS 0x000000070ee00000| PB 0x000000070ee00000| Untracked 
| 114|0x000000070f000000, 0x000000070f000000, 0x000000070f200000|  0%| F|  |TAMS 0x000000070f000000| PB 0x000000070f000000| Untracked 
| 115|0x000000070f200000, 0x000000070f200000, 0x000000070f400000|  0%| F|  |TAMS 0x000000070f200000| PB 0x000000070f200000| Untracked 
| 116|0x000000070f400000, 0x000000070f400000, 0x000000070f600000|  0%| F|  |TAMS 0x000000070f400000| PB 0x000000070f400000| Untracked 
| 117|0x000000070f600000, 0x000000070f600000, 0x000000070f800000|  0%| F|  |TAMS 0x000000070f600000| PB 0x000000070f600000| Untracked 
| 118|0x000000070f800000, 0x000000070f800000, 0x000000070fa00000|  0%| F|  |TAMS 0x000000070f800000| PB 0x000000070f800000| Untracked 
| 119|0x000000070fa00000, 0x000000070fa00000, 0x000000070fc00000|  0%| F|  |TAMS 0x000000070fa00000| PB 0x000000070fa00000| Untracked 
| 120|0x000000070fc00000, 0x000000070fc00000, 0x000000070fe00000|  0%| F|  |TAMS 0x000000070fc00000| PB 0x000000070fc00000| Untracked 
| 121|0x000000070fe00000, 0x000000070fe00000, 0x0000000710000000|  0%| F|  |TAMS 0x000000070fe00000| PB 0x000000070fe00000| Untracked 
| 122|0x0000000710000000, 0x0000000710172a58, 0x0000000710200000| 72%| E|  |TAMS 0x0000000710000000| PB 0x0000000710000000| Complete 
| 123|0x0000000710200000, 0x0000000710400000, 0x0000000710400000|100%| E|CS|TAMS 0x0000000710200000| PB 0x0000000710200000| Complete 
| 124|0x0000000710400000, 0x0000000710600000, 0x0000000710600000|100%| E|CS|TAMS 0x0000000710400000| PB 0x0000000710400000| Complete 
| 125|0x0000000710600000, 0x0000000710800000, 0x0000000710800000|100%| E|CS|TAMS 0x0000000710600000| PB 0x0000000710600000| Complete 
| 126|0x0000000710800000, 0x0000000710a00000, 0x0000000710a00000|100%| E|  |TAMS 0x0000000710800000| PB 0x0000000710800000| Complete 
| 127|0x0000000710a00000, 0x0000000710c00000, 0x0000000710c00000|100%| E|CS|TAMS 0x0000000710a00000| PB 0x0000000710a00000| Complete 

Card table byte_map: [0x00000159c5a30000,0x00000159c6230000] _byte_map_base: 0x00000159c222a000

Marking Bits: (CMBitMap*) 0x00000159ad7dc5d0
 Bits: [0x00000159c6230000, 0x00000159ca200000)

Polling page: 0x00000159abde0000

Metaspace:

Usage:
  Non-class:      2.59 MB used.
      Class:    304.65 KB used.
       Both:      2.89 MB used.

Virtual space:
  Non-class space:       64.00 MB reserved,       2.69 MB (  4%) committed,  1 nodes.
      Class space:        1.00 GB reserved,     384.00 KB ( <1%) committed,  1 nodes.
             Both:        1.06 GB reserved,       3.06 MB ( <1%) committed. 

Chunk freelists:
   Non-Class:  10.78 MB
       Class:  15.55 MB
        Both:  26.33 MB

MaxMetaspaceSize: unlimited
CompressedClassSpaceSize: 1.00 GB
Initial GC threshold: 21.00 MB
Current GC threshold: 21.00 MB
CDS: on
 - commit_granule_bytes: 65536.
 - commit_granule_words: 8192.
 - virtual_space_node_default_size: 8388608.
 - enlarge_chunks_in_place: 1.
 - use_allocation_guard: 0.


Internal statistics:

num_allocs_failed_limit: 0.
num_arena_births: 38.
num_arena_deaths: 0.
num_vsnodes_births: 2.
num_vsnodes_deaths: 0.
num_space_committed: 49.
num_space_uncommitted: 0.
num_chunks_returned_to_freelist: 0.
num_chunks_taken_from_freelist: 109.
num_chunk_merges: 0.
num_chunk_splits: 70.
num_chunks_enlarged: 55.
num_inconsistent_stats: 0.

CodeHeap 'non-profiled nmethods': size=120000Kb used=269Kb max_used=269Kb free=119730Kb
 bounds [0x00000159bd6e0000, 0x00000159bd950000, 0x00000159c4c10000]
CodeHeap 'profiled nmethods': size=120000Kb used=1324Kb max_used=1324Kb free=118675Kb
 bounds [0x00000159b5c10000, 0x00000159b5e80000, 0x00000159bd140000]
CodeHeap 'non-nmethods': size=5760Kb used=1334Kb max_used=1350Kb free=4425Kb
 bounds [0x00000159bd140000, 0x00000159bd3b0000, 0x00000159bd6e0000]
 total_blobs=1200 nmethods=757 adapters=348
 compilation: enabled
              stopped_count=0, restarted_count=0
 full_count=0

Compilation events (20 events):
Event: 0.930 Thread 0x00000159cc80efe0  738       4       java.lang.StringUTF16::getChar (60 bytes)
Event: 0.931 Thread 0x00000159cc80efe0 nmethod 738 0x00000159bd71d510 code [0x00000159bd71d6a0, 0x00000159bd71d788]
Event: 0.931 Thread 0x00000159cc80efe0  734       4       java.lang.StringLatin1::newString (24 bytes)
Event: 0.935 Thread 0x00000159cc80efe0 nmethod 734 0x00000159bd71d890 code [0x00000159bd71da40, 0x00000159bd71e020]
Event: 0.962 Thread 0x00000159cc80efe0  741   !   4       jdk.internal.loader.URLClassPath$JarLoader::ensureOpen (36 bytes)
Event: 0.963 Thread 0x00000159cc80efe0 nmethod 741 0x00000159bd71e290 code [0x00000159bd71e440, 0x00000159bd71e5c0]
Event: 0.964 Thread 0x00000159cc82adc0  742       3       jdk.internal.ref.PhantomCleanable::clean (16 bytes)
Event: 0.964 Thread 0x00000159cc82adc0 nmethod 742 0x00000159b5d56e10 code [0x00000159b5d56fe0, 0x00000159b5d572c8]
Event: 0.964 Thread 0x00000159cc82adc0  743       3       jdk.internal.ref.CleanerImpl$PhantomCleanableRef::performCleanup (10 bytes)
Event: 0.964 Thread 0x00000159cc82adc0 nmethod 743 0x00000159b5d57410 code [0x00000159b5d575c0, 0x00000159b5d577a0]
Event: 0.965 Thread 0x00000159cc80efe0  744       4       java.util.jar.JarFile::getEntry (35 bytes)
Event: 0.967 Thread 0x00000159cc82adc0  746   !   3       java.util.zip.ZipFile::getInputStream (275 bytes)
Event: 0.968 Thread 0x00000159cc82adc0 nmethod 746 0x00000159b5d57890 code [0x00000159b5d57ba0, 0x00000159b5d58d68]
Event: 0.968 Thread 0x00000159cc82adc0  747       3       java.util.zip.ZipFile$ZipFileInputStream::<init> (96 bytes)
Event: 0.969 Thread 0x00000159cc82adc0 nmethod 747 0x00000159b5d59810 code [0x00000159b5d59a60, 0x00000159b5d5a4a0]
Event: 0.969 Thread 0x00000159cc82adc0  748       3       java.util.zip.ZipUtils::CENOFF (9 bytes)
Event: 0.969 Thread 0x00000159cc82adc0 nmethod 748 0x00000159b5d5a910 code [0x00000159b5d5aac0, 0x00000159b5d5ad98]
Event: 0.971 Thread 0x00000159cc82adc0  749       3       sun.net.www.protocol.file.Handler::parseURL (18 bytes)
Event: 0.971 Thread 0x00000159cc82adc0 nmethod 749 0x00000159b5d5af10 code [0x00000159b5d5b0c0, 0x00000159b5d5b280]
Event: 0.971 Thread 0x00000159cc82adc0  750       3       java.net.URLStreamHandler::parseURL (1124 bytes)

GC Heap History (0 events):
No events

Dll operation events (8 events):
Event: 0.022 Loaded shared library C:\Users\Kavitha\Downloads\jdk-21_windows-x64_bin\jdk-21.0.8\bin\java.dll
Event: 0.077 Loaded shared library C:\Users\Kavitha\Downloads\jdk-21_windows-x64_bin\jdk-21.0.8\bin\jsvml.dll
Event: 0.107 Loaded shared library C:\Users\Kavitha\Downloads\jdk-21_windows-x64_bin\jdk-21.0.8\bin\net.dll
Event: 0.116 Loaded shared library C:\Users\Kavitha\Downloads\jdk-21_windows-x64_bin\jdk-21.0.8\bin\nio.dll
Event: 0.124 Loaded shared library C:\Users\Kavitha\Downloads\jdk-21_windows-x64_bin\jdk-21.0.8\bin\zip.dll
Event: 0.351 Loaded shared library C:\Users\Kavitha\Downloads\jdk-21_windows-x64_bin\jdk-21.0.8\bin\jimage.dll
Event: 0.354 Loaded shared library C:\Users\Kavitha\Downloads\apache-maven-3.9.11-bin\apache-maven-3.9.11\lib\jansi-native\Windows\x86_64\jansi.dll
Event: 0.554 Loaded shared library C:\Users\Kavitha\Downloads\jdk-21_windows-x64_bin\jdk-21.0.8\bin\verify.dll

Deoptimization events (20 events):
Event: 0.272 Thread 0x00000159ad77b110 DEOPT PACKING pc=0x00000159b5c5f955 sp=0x0000000fc40fa370
Event: 0.272 Thread 0x00000159ad77b110 DEOPT UNPACKING pc=0x00000159bd194e42 sp=0x0000000fc40f97f8 mode 0
Event: 0.308 Thread 0x00000159ad77b110 DEOPT PACKING pc=0x00000159b5c5f955 sp=0x0000000fc40fa2f0
Event: 0.308 Thread 0x00000159ad77b110 DEOPT UNPACKING pc=0x00000159bd194e42 sp=0x0000000fc40f9760 mode 0
Event: 0.632 Thread 0x00000159ad77b110 DEOPT PACKING pc=0x00000159b5c5f955 sp=0x0000000fc40fce50
Event: 0.632 Thread 0x00000159ad77b110 DEOPT UNPACKING pc=0x00000159bd194e42 sp=0x0000000fc40fc2d8 mode 0
Event: 0.775 Thread 0x00000159ad77b110 DEOPT PACKING pc=0x00000159b5c72677 sp=0x0000000fc40fa210
Event: 0.775 Thread 0x00000159ad77b110 DEOPT UNPACKING pc=0x00000159bd194e42 sp=0x0000000fc40f9660 mode 0
Event: 0.827 Thread 0x00000159ad77b110 Uncommon trap: trap_request=0xffffff45 fr.pc=0x00000159bd6f3bc0 relative=0x00000000000004e0
Event: 0.827 Thread 0x00000159ad77b110 Uncommon trap: reason=unstable_if action=reinterpret pc=0x00000159bd6f3bc0 method=java.lang.StringLatin1.canEncode(I)Z @ 4 c2
Event: 0.827 Thread 0x00000159ad77b110 DEOPT PACKING pc=0x00000159bd6f3bc0 sp=0x0000000fc40fe1f0
Event: 0.827 Thread 0x00000159ad77b110 DEOPT UNPACKING pc=0x00000159bd1946a2 sp=0x0000000fc40fe128 mode 2
Event: 0.827 Thread 0x00000159ad77b110 Uncommon trap: trap_request=0xffffff45 fr.pc=0x00000159bd6f94a4 relative=0x00000000000004c4
Event: 0.827 Thread 0x00000159ad77b110 Uncommon trap: reason=unstable_if action=reinterpret pc=0x00000159bd6f94a4 method=java.lang.AbstractStringBuilder.isLatin1()Z @ 10 c2
Event: 0.827 Thread 0x00000159ad77b110 DEOPT PACKING pc=0x00000159bd6f94a4 sp=0x0000000fc40fe210
Event: 0.827 Thread 0x00000159ad77b110 DEOPT UNPACKING pc=0x00000159bd1946a2 sp=0x0000000fc40fe1a0 mode 2
Event: 0.832 Thread 0x00000159ad77b110 Uncommon trap: trap_request=0xffffff45 fr.pc=0x00000159bd6ed7e8 relative=0x0000000000000048
Event: 0.832 Thread 0x00000159ad77b110 Uncommon trap: reason=unstable_if action=reinterpret pc=0x00000159bd6ed7e8 method=java.lang.StringLatin1.canEncode(I)Z @ 4 c2
Event: 0.832 Thread 0x00000159ad77b110 DEOPT PACKING pc=0x00000159bd6ed7e8 sp=0x0000000fc40fe1a0
Event: 0.832 Thread 0x00000159ad77b110 DEOPT UNPACKING pc=0x00000159bd1946a2 sp=0x0000000fc40fe130 mode 2

Classes loaded (20 events):
Event: 0.779 Loading class java/util/concurrent/locks/ReentrantReadWriteLock$NonfairSync
Event: 0.779 Loading class java/util/concurrent/locks/ReentrantReadWriteLock$Sync
Event: 0.779 Loading class java/util/concurrent/locks/ReentrantReadWriteLock$Sync done
Event: 0.779 Loading class java/util/concurrent/locks/ReentrantReadWriteLock$NonfairSync done
Event: 0.779 Loading class java/util/concurrent/locks/ReentrantReadWriteLock$Sync$ThreadLocalHoldCounter
Event: 0.779 Loading class java/util/concurrent/locks/ReentrantReadWriteLock$Sync$ThreadLocalHoldCounter done
Event: 0.779 Loading class java/util/concurrent/locks/ReentrantReadWriteLock$ReadLock
Event: 0.779 Loading class java/util/concurrent/locks/ReentrantReadWriteLock$ReadLock done
Event: 0.779 Loading class java/util/concurrent/locks/ReentrantReadWriteLock$WriteLock
Event: 0.779 Loading class java/util/concurrent/locks/ReentrantReadWriteLock$WriteLock done
Event: 0.783 Loading class java/text/ParseException
Event: 0.783 Loading class java/text/ParseException done
Event: 0.797 Loading class jdk/internal/module/ModulePatcher$PatchedModuleReader
Event: 0.798 Loading class jdk/internal/module/ModulePatcher$PatchedModuleReader done
Event: 0.798 Loading class sun/net/www/protocol/jrt/Handler
Event: 0.798 Loading class sun/net/www/protocol/jrt/Handler done
Event: 0.824 Loading class sun/text/resources/cldr/FormatData_en
Event: 0.824 Loading class sun/text/resources/cldr/FormatData_en done
Event: 0.825 Loading class sun/text/resources/cldr/FormatData_en_US
Event: 0.825 Loading class sun/text/resources/cldr/FormatData_en_US done

Classes unloaded (0 events):
No events

Classes redefined (0 events):
No events

Internal exceptions (20 events):
Event: 0.327 Thread 0x00000159ad77b110 Exception <a 'java/lang/NoSuchMethodError'{0x000000071066adc8}: 'java.lang.Object java.lang.invoke.Invokers$Holder.invokeExact_MT(java.lang.Object, java.lang.Object, java.lang.Object, java.lang.Object, java.lang.Object)'> (0x000000071066adc8) 
thrown [s\open\src\hotspot\share\interpreter\linkResolver.cpp, line 773]
Event: 0.345 Thread 0x00000159ad77b110 Exception <a 'java/lang/NullPointerException'{0x00000007106cc880}> (0x00000007106cc880) 
thrown [s\open\src\hotspot\share\interpreter\linkResolver.cpp, line 1372]
Event: 0.355 Thread 0x00000159ad77b110 Exception <a 'java/lang/NullPointerException'{0x00000007106eb3e0}> (0x00000007106eb3e0) 
thrown [s\open\src\hotspot\share\interpreter\linkResolver.cpp, line 1372]
Event: 0.355 Thread 0x00000159ad77b110 Exception <a 'java/lang/NullPointerException'{0x00000007106eb6c0}> (0x00000007106eb6c0) 
thrown [s\open\src\hotspot\share\interpreter\linkResolver.cpp, line 1372]
Event: 0.355 Thread 0x00000159ad77b110 Exception <a 'java/lang/NullPointerException'{0x00000007106eb9a0}> (0x00000007106eb9a0) 
thrown [s\open\src\hotspot\share\interpreter\linkResolver.cpp, line 1372]
Event: 0.356 Thread 0x00000159ad77b110 Exception <a 'java/lang/NullPointerException'{0x00000007106f19f8}> (0x00000007106f19f8) 
thrown [s\open\src\hotspot\share\interpreter\linkResolver.cpp, line 1372]
Event: 0.359 Thread 0x00000159ad77b110 Exception <a 'java/lang/NullPointerException'{0x00000007107439b8}> (0x00000007107439b8) 
thrown [s\open\src\hotspot\share\interpreter\linkResolver.cpp, line 1372]
Event: 0.359 Thread 0x00000159ad77b110 Exception <a 'java/lang/NullPointerException'{0x0000000710743c98}> (0x0000000710743c98) 
thrown [s\open\src\hotspot\share\interpreter\linkResolver.cpp, line 1372]
Event: 0.359 Thread 0x00000159ad77b110 Exception <a 'java/lang/NullPointerException'{0x0000000710743f78}> (0x0000000710743f78) 
thrown [s\open\src\hotspot\share\interpreter\linkResolver.cpp, line 1372]
Event: 0.359 Thread 0x00000159ad77b110 Exception <a 'java/lang/NullPointerException'{0x0000000710744258}> (0x0000000710744258) 
thrown [s\open\src\hotspot\share\interpreter\linkResolver.cpp, line 1372]
Event: 0.546 Thread 0x00000159ad77b110 Exception <a 'sun/nio/fs/WindowsException'{0x0000000710770b40}> (0x0000000710770b40) 
thrown [s\open\src\hotspot\share\prims\jni.cpp, line 520]
Event: 0.546 Thread 0x00000159ad77b110 Exception <a 'sun/nio/fs/WindowsException'{0x00000007107712c8}> (0x00000007107712c8) 
thrown [s\open\src\hotspot\share\prims\jni.cpp, line 520]
Event: 0.546 Thread 0x00000159ad77b110 Exception <a 'sun/nio/fs/WindowsException'{0x0000000710771850}> (0x0000000710771850) 
thrown [s\open\src\hotspot\share\prims\jni.cpp, line 520]
Event: 0.546 Thread 0x00000159ad77b110 Exception <a 'sun/nio/fs/WindowsException'{0x0000000710771db0}> (0x0000000710771db0) 
thrown [s\open\src\hotspot\share\prims\jni.cpp, line 520]
Event: 0.546 Thread 0x00000159ad77b110 Exception <a 'sun/nio/fs/WindowsException'{0x00000007107722b8}> (0x00000007107722b8) 
thrown [s\open\src\hotspot\share\prims\jni.cpp, line 520]
Event: 0.547 Thread 0x00000159ad77b110 Exception <a 'sun/nio/fs/WindowsException'{0x0000000710772778}> (0x0000000710772778) 
thrown [s\open\src\hotspot\share\prims\jni.cpp, line 520]
Event: 0.611 Thread 0x00000159ad77b110 Exception <a 'java/lang/NoSuchMethodError'{0x0000000710400650}: 'void java.lang.invoke.DirectMethodHandle$Holder.invokeStatic(java.lang.Object, java.lang.Object)'> (0x0000000710400650) 
thrown [s\open\src\hotspot\share\interpreter\linkResolver.cpp, line 773]
Event: 0.612 Thread 0x00000159ad77b110 Exception <a 'java/lang/NoSuchMethodError'{0x0000000710403a30}: 'void java.lang.invoke.DirectMethodHandle$Holder.invokeStaticInit(java.lang.Object, java.lang.Object)'> (0x0000000710403a30) 
thrown [s\open\src\hotspot\share\interpreter\linkResolver.cpp, line 773]
Event: 0.624 Thread 0x00000159ad77b110 Exception <a 'java/lang/NoSuchMethodError'{0x0000000710441cb0}: 'void java.lang.invoke.DirectMethodHandle$Holder.invokeStatic(java.lang.Object, java.lang.Object, java.lang.Object)'> (0x0000000710441cb0) 
thrown [s\open\src\hotspot\share\interpreter\linkResolver.cpp, line 773]
Event: 0.751 Thread 0x00000159ad77b110 Exception <a 'java/lang/NoSuchMethodError'{0x00000007105c7c80}: 'java.lang.Object java.lang.invoke.DirectMethodHandle$Holder.invokeSpecialIFC(java.lang.Object, java.lang.Object, java.lang.Object, java.lang.Object)'> (0x00000007105c7c80) 
thrown [s\open\src\hotspot\share\interpreter\linkResolver.cpp, line 773]

ZGC Phase Switch (0 events):
No events

VM Operations (6 events):
Event: 0.125 Executing VM operation: HandshakeAllThreads (Deoptimize)
Event: 0.125 Executing VM operation: HandshakeAllThreads (Deoptimize) done
Event: 0.344 Executing VM operation: HandshakeAllThreads (Deoptimize)
Event: 0.344 Executing VM operation: HandshakeAllThreads (Deoptimize) done
Event: 0.355 Executing VM operation: HandshakeAllThreads (Deoptimize)
Event: 0.355 Executing VM operation: HandshakeAllThreads (Deoptimize) done

Events (13 events):
Event: 0.041 Thread 0x00000159ad77b110 Thread added: 0x00000159ad77b110
Event: 0.069 Thread 0x00000159cc8012f0 Thread added: 0x00000159cc8012f0
Event: 0.070 Thread 0x00000159cc801a50 Thread added: 0x00000159cc801a50
Event: 0.070 Thread 0x00000159cc805e00 Thread added: 0x00000159cc805e00
Event: 0.071 Thread 0x00000159cc808970 Thread added: 0x00000159cc808970
Event: 0.071 Thread 0x00000159cc80cfe0 Thread added: 0x00000159cc80cfe0
Event: 0.072 Thread 0x00000159cc80d640 Thread added: 0x00000159cc80d640
Event: 0.072 Thread 0x00000159cc80efe0 Thread added: 0x00000159cc80efe0
Event: 0.074 Thread 0x00000159cc82adc0 Thread added: 0x00000159cc82adc0
Event: 0.095 Thread 0x00000159cca6ec70 Thread added: 0x00000159cca6ec70
Event: 0.098 Thread 0x00000159cca746d0 Thread added: 0x00000159cca746d0
Event: 0.348 Thread 0x00000159cccbacb0 Thread added: 0x00000159cccbacb0
Event: 0.537 Thread 0x00000159cccbacb0 Thread exited: 0x00000159cccbacb0


Dynamic libraries:
0x00007ff6956b0000 - 0x00007ff6956c0000 	C:\Users\Kavitha\Downloads\jdk-21_windows-x64_bin\jdk-21.0.8\bin\java.exe
0x00007ff8651a0000 - 0x00007ff865407000 	C:\Windows\SYSTEM32\ntdll.dll
0x00007ff863060000 - 0x00007ff863129000 	C:\Windows\System32\KERNEL32.DLL
0x00007ff8622d0000 - 0x00007ff8626c0000 	C:\Windows\System32\KERNELBASE.dll
0x00007ff862ba0000 - 0x00007ff862ceb000 	C:\Windows\System32\ucrtbase.dll
0x00007ff80f610000 - 0x00007ff80f62b000 	C:\Users\Kavitha\Downloads\jdk-21_windows-x64_bin\jdk-21.0.8\bin\VCRUNTIME140.dll
0x00007ff842120000 - 0x00007ff842139000 	C:\Users\Kavitha\Downloads\jdk-21_windows-x64_bin\jdk-21.0.8\bin\jli.dll
0x00007ff862fa0000 - 0x00007ff863054000 	C:\Windows\System32\ADVAPI32.dll
0x00007ff8636a0000 - 0x00007ff863749000 	C:\Windows\System32\msvcrt.dll
0x00007ff864740000 - 0x00007ff8647e6000 	C:\Windows\System32\sechost.dll
0x00007ff863350000 - 0x00007ff863468000 	C:\Windows\System32\RPCRT4.dll
0x00007ff864000000 - 0x00007ff8641c5000 	C:\Windows\System32\USER32.dll
0x00007ff862e40000 - 0x00007ff862e67000 	C:\Windows\System32\win32u.dll
0x00007ff862f30000 - 0x00007ff862f5b000 	C:\Windows\System32\GDI32.dll
0x00007ff862a60000 - 0x00007ff862b98000 	C:\Windows\System32\gdi32full.dll
0x00007ff862cf0000 - 0x00007ff862d93000 	C:\Windows\System32\msvcp_win.dll
0x00007ff837fe0000 - 0x00007ff83827a000 	C:\Windows\WinSxS\amd64_microsoft.windows.common-controls_6595b64144ccf1df_6.0.26100.4768_none_3e0c112ce331287c\COMCTL32.dll
0x00007ff854370000 - 0x00007ff85437b000 	C:\Windows\SYSTEM32\VERSION.dll
0x00007ff862f60000 - 0x00007ff862f8f000 	C:\Windows\System32\IMM32.DLL
0x00000159abe00000 - 0x00000159abe16000 	C:\Windows\System32\umppc19907.dll
0x00000159abe40000 - 0x00000159abe53000 	C:\Windows\System32\CsXumd64_19907.dll
0x00007ff843ec0000 - 0x00007ff843ecc000 	C:\Users\Kavitha\Downloads\jdk-21_windows-x64_bin\jdk-21.0.8\bin\vcruntime140_1.dll
0x00007ff835720000 - 0x00007ff8357ae000 	C:\Users\Kavitha\Downloads\jdk-21_windows-x64_bin\jdk-21.0.8\bin\msvcp140.dll
0x00007ff818da0000 - 0x00007ff819abd000 	C:\Users\Kavitha\Downloads\jdk-21_windows-x64_bin\jdk-21.0.8\bin\server\jvm.dll
0x00007ff863d90000 - 0x00007ff863e04000 	C:\Windows\System32\WS2_32.dll
0x00007ff862150000 - 0x00007ff8621ae000 	C:\Windows\SYSTEM32\POWRPROF.dll
0x00007ff840630000 - 0x00007ff840665000 	C:\Windows\SYSTEM32\WINMM.dll
0x00007ff862130000 - 0x00007ff862144000 	C:\Windows\SYSTEM32\UMPDC.dll
0x00007ff860ee0000 - 0x00007ff860efb000 	C:\Windows\SYSTEM32\kernel.appcore.dll
0x00007ff840070000 - 0x00007ff84007a000 	C:\Users\Kavitha\Downloads\jdk-21_windows-x64_bin\jdk-21.0.8\bin\jimage.dll
0x00007ff850d40000 - 0x00007ff850f81000 	C:\Windows\SYSTEM32\DBGHELP.DLL
0x00007ff8641e0000 - 0x00007ff864565000 	C:\Windows\System32\combase.dll
0x00007ff8635a0000 - 0x00007ff863680000 	C:\Windows\System32\OLEAUT32.dll
0x00007ff852d20000 - 0x00007ff852d63000 	C:\Windows\SYSTEM32\dbgcore.DLL
0x00007ff862da0000 - 0x00007ff862e39000 	C:\Windows\System32\bcryptPrimitives.dll
0x00007ff835700000 - 0x00007ff83571f000 	C:\Users\Kavitha\Downloads\jdk-21_windows-x64_bin\jdk-21.0.8\bin\java.dll
0x00007ff8647f0000 - 0x00007ff864f3d000 	C:\Windows\System32\SHELL32.dll
0x00007ff8628e0000 - 0x00007ff862a53000 	C:\Windows\System32\wintypes.dll
0x00007ff85fb50000 - 0x00007ff8603b0000 	C:\Windows\SYSTEM32\windows.storage.dll
0x00007ff863250000 - 0x00007ff863345000 	C:\Windows\System32\SHCORE.dll
0x00007ff8646c0000 - 0x00007ff86472a000 	C:\Windows\System32\shlwapi.dll
0x00007ff8621f0000 - 0x00007ff862219000 	C:\Windows\SYSTEM32\profapi.dll
0x00007ff82b0e0000 - 0x00007ff82b1b7000 	C:\Users\Kavitha\Downloads\jdk-21_windows-x64_bin\jdk-21.0.8\bin\jsvml.dll
0x00007ff83db30000 - 0x00007ff83db40000 	C:\Users\Kavitha\Downloads\jdk-21_windows-x64_bin\jdk-21.0.8\bin\net.dll
0x00007ff860f00000 - 0x00007ff86101e000 	C:\Windows\SYSTEM32\WINHTTP.dll
0x00007ff861580000 - 0x00007ff8615eb000 	C:\Windows\system32\mswsock.dll
0x00007ff834180000 - 0x00007ff834196000 	C:\Users\Kavitha\Downloads\jdk-21_windows-x64_bin\jdk-21.0.8\bin\nio.dll
0x00007ff833b50000 - 0x00007ff833b68000 	C:\Users\Kavitha\Downloads\jdk-21_windows-x64_bin\jdk-21.0.8\bin\zip.dll
0x00007ff82cf80000 - 0x00007ff82cfa4000 	C:\Users\Kavitha\Downloads\apache-maven-3.9.11-bin\apache-maven-3.9.11\lib\jansi-native\Windows\x86_64\jansi.dll
0x00007ff83d990000 - 0x00007ff83d9a0000 	C:\Users\Kavitha\Downloads\jdk-21_windows-x64_bin\jdk-21.0.8\bin\verify.dll

dbghelp: loaded successfully - version: 4.0.5 - missing functions: none
symbol engine: initialized successfully - sym options: 0x614 - pdb path: .;C:\Users\Kavitha\Downloads\jdk-21_windows-x64_bin\jdk-21.0.8\bin;C:\Windows\SYSTEM32;C:\Windows\WinSxS\amd64_microsoft.windows.common-controls_6595b64144ccf1df_6.0.26100.4768_none_3e0c112ce331287c;C:\Users\Kavitha\Downloads\jdk-21_windows-x64_bin\jdk-21.0.8\bin\server;C:\Users\Kavitha\Downloads\apache-maven-3.9.11-bin\apache-maven-3.9.11\lib\jansi-native\Windows\x86_64

VM Arguments:
jvm_args: --enable-native-access=ALL-UNNAMED -Dclassworlds.conf=C:\Users\Kavitha\Downloads\apache-maven-3.9.11-bin\apache-maven-3.9.11\bin\m2.conf -Dmaven.home=C:\Users\Kavitha\Downloads\apache-maven-3.9.11-bin\apache-maven-3.9.11 -Dlibrary.jansi.path=C:\Users\Kavitha\Downloads\apache-maven-3.9.11-bin\apache-maven-3.9.11\lib\jansi-native -Dmaven.multiModuleProjectDirectory=C:\Users\Kavitha\workspace\SnykFixForJavaProject\restAPISynk 
java_command: org.codehaus.plexus.classworlds.launcher.Launcher -U clean install
java_class_path (initial): C:\Users\Kavitha\Downloads\apache-maven-3.9.11-bin\apache-maven-3.9.11\boot\plexus-classworlds-2.9.0.jar
Launcher Type: SUN_STANDARD

[Global flags]
     intx CICompilerCount                          = 3                                         {product} {ergonomic}
     uint ConcGCThreads                            = 1                                         {product} {ergonomic}
     uint G1ConcRefinementThreads                  = 4                                         {product} {ergonomic}
   size_t G1HeapRegionSize                         = 2097152                                   {product} {ergonomic}
    uintx GCDrainStackTargetSize                   = 64                                        {product} {ergonomic}
   size_t InitialHeapSize                          = 268435456                                 {product} {ergonomic}
   size_t MarkStackSize                            = 4194304                                   {product} {ergonomic}
   size_t MaxHeapSize                              = 4282384384                                {product} {ergonomic}
   size_t MaxNewSize                               = 2569011200                                {product} {ergonomic}
   size_t MinHeapDeltaBytes                        = 2097152                                   {product} {ergonomic}
   size_t MinHeapSize                              = 8388608                                   {product} {ergonomic}
    uintx NonNMethodCodeHeapSize                   = 5832780                                {pd product} {ergonomic}
    uintx NonProfiledCodeHeapSize                  = 122912730                              {pd product} {ergonomic}
    uintx ProfiledCodeHeapSize                     = 122912730                              {pd product} {ergonomic}
    uintx ReservedCodeCacheSize                    = 251658240                              {pd product} {ergonomic}
     bool SegmentedCodeCache                       = true                                      {product} {ergonomic}
   size_t SoftMaxHeapSize                          = 4282384384                             {manageable} {ergonomic}
     bool UseCompressedOops                        = true                           {product lp64_product} {ergonomic}
     bool UseG1GC                                  = true                                      {product} {ergonomic}
     bool UseLargePagesIndividualAllocation        = false                                  {pd product} {ergonomic}

Logging:
Log output configuration:
 #0: stdout all=warning uptime,level,tags foldmultilines=false
 #1: stderr all=off uptime,level,tags foldmultilines=false

Environment Variables:
JAVA_HOME=C:\Users\Kavitha\Downloads\jdk-21_windows-x64_bin\jdk-21.0.8
PATH=C:\Users\Kavitha\Downloads\jdk-21_windows-x64_bin\jdk-21.0.8\bin;C:\Windows\System32\bin;C:\Windows\System32
USERNAME=Kavitha
LANG=en_US.UTF-8
OS=Windows_NT
PROCESSOR_IDENTIFIER=AMD64 Family 25 Model 1 Stepping 1, AuthenticAMD
TMP=C:\Users\Kavitha\AppData\Local\Temp
TEMP=C:\Users\Kavitha\AppData\Local\Temp




Periodic native trim disabled

---------------  S Y S T E M  ---------------

OS:
 Windows 11 , 64 bit Build 26100 (10.0.26100.4768)
OS uptime: 25 days 16:40 hours
Hyper-V virtualization detected

CPU: total 4 (initial active 4) (16 cores per cpu, 2 threads per core) family 25 model 1 stepping 1 microcode 0xffffffff, cx8, cmov, fxsr, ht, mmx, 3dnowpref, sse, sse2, sse3, ssse3, sse4a, sse4.1, sse4.2, popcnt, lzcnt, tsc, tscinvbit, avx, avx2, aes, erms, clmul, bmi1, bmi2, adx, sha, fma, vzeroupper, clflush, clflushopt, hv, rdtscp, rdpid, fsrm, f16c, cet_ss
Processor Information for all 4 processors :
  Max Mhz: 2445, Current Mhz: 2445, Mhz Limit: 2445

Memory: 4k page, system-wide physical 16332M (1782M free)
TotalPageFile size 32518M (AvailPageFile size 938M)
current process WorkingSet (physical memory assigned to process): 61M, peak: 61M
current process commit charge ("private bytes"): 342M, peak: 342M

vm_info: Java HotSpot(TM) 64-Bit Server VM (21.0.8+12-LTS-250) for windows-amd64 JRE (21.0.8+12-LTS-250), built on 2025-06-27T08:11:22Z by "mach5one" with MS VC++ 17.6 (VS2022)

END.
